{"/Users/lucasbonaffini/Dev/war_game/src/models/Character.js": {"path":"/Users/lucasbonaffini/Dev/war_game/src/models/Character.js","statementMap":{"0":{"start":{"line":1,"column":23},"end":{"line":1,"column":38}},"1":{"start":{"line":17,"column":8},"end":{"line":17,"column":21}},"2":{"start":{"line":18,"column":8},"end":{"line":18,"column":25}},"3":{"start":{"line":19,"column":8},"end":{"line":19,"column":25}},"4":{"start":{"line":20,"column":8},"end":{"line":20,"column":30}},"5":{"start":{"line":21,"column":8},"end":{"line":21,"column":25}},"6":{"start":{"line":22,"column":8},"end":{"line":22,"column":31}},"7":{"start":{"line":23,"column":8},"end":{"line":23,"column":31}},"8":{"start":{"line":24,"column":8},"end":{"line":24,"column":21}},"9":{"start":{"line":25,"column":8},"end":{"line":25,"column":27}},"10":{"start":{"line":26,"column":8},"end":{"line":26,"column":21}},"11":{"start":{"line":31,"column":0},"end":{"line":31,"column":27}}},"fnMap":{"0":{"name":"(anonymous_0)","decl":{"start":{"line":16,"column":4},"end":{"line":16,"column":5}},"loc":{"start":{"line":16,"column":124},"end":{"line":27,"column":5}},"line":16}},"branchMap":{"0":{"loc":{"start":{"line":16,"column":16},"end":{"line":16,"column":29}},"type":"default-arg","locations":[{"start":{"line":16,"column":21},"end":{"line":16,"column":29}}],"line":16},"1":{"loc":{"start":{"line":16,"column":52},"end":{"line":16,"column":61}},"type":"default-arg","locations":[{"start":{"line":16,"column":59},"end":{"line":16,"column":61}}],"line":16},"2":{"loc":{"start":{"line":16,"column":63},"end":{"line":16,"column":75}},"type":"default-arg","locations":[{"start":{"line":16,"column":73},"end":{"line":16,"column":75}}],"line":16},"3":{"loc":{"start":{"line":16,"column":77},"end":{"line":16,"column":89}},"type":"default-arg","locations":[{"start":{"line":16,"column":87},"end":{"line":16,"column":89}}],"line":16},"4":{"loc":{"start":{"line":16,"column":91},"end":{"line":16,"column":100}},"type":"default-arg","locations":[{"start":{"line":16,"column":96},"end":{"line":16,"column":100}}],"line":16},"5":{"loc":{"start":{"line":16,"column":102},"end":{"line":16,"column":114}},"type":"default-arg","locations":[{"start":{"line":16,"column":110},"end":{"line":16,"column":114}}],"line":16},"6":{"loc":{"start":{"line":16,"column":116},"end":{"line":16,"column":122}},"type":"default-arg","locations":[{"start":{"line":16,"column":121},"end":{"line":16,"column":122}}],"line":16}},"s":{"0":5,"1":3,"2":3,"3":3,"4":3,"5":3,"6":3,"7":3,"8":3,"9":3,"10":3,"11":5},"f":{"0":3},"b":{"0":[2],"1":[0],"2":[0],"3":[0],"4":[0],"5":[0],"6":[0]},"_coverageSchema":"1a1c01bbd47fc00a2c39e90264f33305004495a9","hash":"1caadf3bdd92308ccb04ee547d8d62ea38aea1af"}
,"/Users/lucasbonaffini/Dev/war_game/src/models/Class.js": {"path":"/Users/lucasbonaffini/Dev/war_game/src/models/Class.js","statementMap":{"0":{"start":{"line":1,"column":23},"end":{"line":1,"column":38}},"1":{"start":{"line":11,"column":8},"end":{"line":11,"column":21}},"2":{"start":{"line":12,"column":8},"end":{"line":12,"column":25}},"3":{"start":{"line":13,"column":8},"end":{"line":13,"column":39}},"4":{"start":{"line":14,"column":8},"end":{"line":19,"column":10}},"5":{"start":{"line":21,"column":8},"end":{"line":25,"column":9}},"6":{"start":{"line":22,"column":12},"end":{"line":24,"column":13}},"7":{"start":{"line":23,"column":16},"end":{"line":23,"column":57}},"8":{"start":{"line":29,"column":0},"end":{"line":29,"column":23}}},"fnMap":{"0":{"name":"(anonymous_0)","decl":{"start":{"line":10,"column":4},"end":{"line":10,"column":5}},"loc":{"start":{"line":10,"column":67},"end":{"line":26,"column":5}},"line":10}},"branchMap":{"0":{"loc":{"start":{"line":10,"column":16},"end":{"line":10,"column":29}},"type":"default-arg","locations":[{"start":{"line":10,"column":21},"end":{"line":10,"column":29}}],"line":10},"1":{"loc":{"start":{"line":10,"column":50},"end":{"line":10,"column":65}},"type":"default-arg","locations":[{"start":{"line":10,"column":63},"end":{"line":10,"column":65}}],"line":10},"2":{"loc":{"start":{"line":15,"column":22},"end":{"line":15,"column":46}},"type":"binary-expr","locations":[{"start":{"line":15,"column":22},"end":{"line":15,"column":41}},{"start":{"line":15,"column":45},"end":{"line":15,"column":46}}],"line":15},"3":{"loc":{"start":{"line":16,"column":23},"end":{"line":16,"column":48}},"type":"binary-expr","locations":[{"start":{"line":16,"column":23},"end":{"line":16,"column":43}},{"start":{"line":16,"column":47},"end":{"line":16,"column":48}}],"line":16},"4":{"loc":{"start":{"line":17,"column":26},"end":{"line":17,"column":54}},"type":"binary-expr","locations":[{"start":{"line":17,"column":26},"end":{"line":17,"column":49}},{"start":{"line":17,"column":53},"end":{"line":17,"column":54}}],"line":17},"5":{"loc":{"start":{"line":18,"column":22},"end":{"line":18,"column":46}},"type":"binary-expr","locations":[{"start":{"line":18,"column":22},"end":{"line":18,"column":41}},{"start":{"line":18,"column":45},"end":{"line":18,"column":46}}],"line":18},"6":{"loc":{"start":{"line":22,"column":12},"end":{"line":24,"column":13}},"type":"if","locations":[{"start":{"line":22,"column":12},"end":{"line":24,"column":13}},{"start":{},"end":{}}],"line":22}},"s":{"0":5,"1":0,"2":0,"3":0,"4":0,"5":0,"6":0,"7":0,"8":5},"f":{"0":0},"b":{"0":[0],"1":[0],"2":[0,0],"3":[0,0],"4":[0,0],"5":[0,0],"6":[0,0]},"_coverageSchema":"1a1c01bbd47fc00a2c39e90264f33305004495a9","hash":"32053fb095834d0eb22627c71d138b2494adff6b"}
,"/Users/lucasbonaffini/Dev/war_game/src/models/Gear.js": {"path":"/Users/lucasbonaffini/Dev/war_game/src/models/Gear.js","statementMap":{"0":{"start":{"line":1,"column":23},"end":{"line":1,"column":38}},"1":{"start":{"line":5,"column":8},"end":{"line":5,"column":21}},"2":{"start":{"line":6,"column":8},"end":{"line":6,"column":25}},"3":{"start":{"line":7,"column":8},"end":{"line":7,"column":33}},"4":{"start":{"line":8,"column":8},"end":{"line":8,"column":29}},"5":{"start":{"line":12,"column":0},"end":{"line":12,"column":22}}},"fnMap":{"0":{"name":"(anonymous_0)","decl":{"start":{"line":4,"column":4},"end":{"line":4,"column":5}},"loc":{"start":{"line":4,"column":55},"end":{"line":9,"column":5}},"line":4}},"branchMap":{"0":{"loc":{"start":{"line":4,"column":16},"end":{"line":4,"column":29}},"type":"default-arg","locations":[{"start":{"line":4,"column":21},"end":{"line":4,"column":29}}],"line":4}},"s":{"0":6,"1":0,"2":0,"3":0,"4":0,"5":6},"f":{"0":0},"b":{"0":[0]},"_coverageSchema":"1a1c01bbd47fc00a2c39e90264f33305004495a9","hash":"451e1d64e0bd41061f702206932929af91fd715c"}
,"/Users/lucasbonaffini/Dev/war_game/src/models/Potion.js": {"path":"/Users/lucasbonaffini/Dev/war_game/src/models/Potion.js","statementMap":{"0":{"start":{"line":1,"column":23},"end":{"line":1,"column":38}},"1":{"start":{"line":10,"column":8},"end":{"line":10,"column":21}},"2":{"start":{"line":11,"column":8},"end":{"line":11,"column":25}},"3":{"start":{"line":12,"column":8},"end":{"line":12,"column":31}},"4":{"start":{"line":13,"column":8},"end":{"line":13,"column":31}},"5":{"start":{"line":17,"column":0},"end":{"line":17,"column":24}}},"fnMap":{"0":{"name":"(anonymous_0)","decl":{"start":{"line":9,"column":4},"end":{"line":9,"column":5}},"loc":{"start":{"line":9,"column":55},"end":{"line":14,"column":5}},"line":9}},"branchMap":{"0":{"loc":{"start":{"line":9,"column":16},"end":{"line":9,"column":29}},"type":"default-arg","locations":[{"start":{"line":9,"column":21},"end":{"line":9,"column":29}}],"line":9}},"s":{"0":6,"1":0,"2":0,"3":0,"4":0,"5":6},"f":{"0":0},"b":{"0":[0]},"_coverageSchema":"1a1c01bbd47fc00a2c39e90264f33305004495a9","hash":"608993fef84d429a5ab10f54cb6031ffe4922afd"}
,"/Users/lucasbonaffini/Dev/war_game/src/models/Spell.js": {"path":"/Users/lucasbonaffini/Dev/war_game/src/models/Spell.js","statementMap":{"0":{"start":{"line":1,"column":23},"end":{"line":1,"column":38}},"1":{"start":{"line":14,"column":8},"end":{"line":14,"column":21}},"2":{"start":{"line":15,"column":8},"end":{"line":15,"column":25}},"3":{"start":{"line":16,"column":8},"end":{"line":16,"column":39}},"4":{"start":{"line":17,"column":8},"end":{"line":17,"column":33}},"5":{"start":{"line":18,"column":8},"end":{"line":18,"column":29}},"6":{"start":{"line":19,"column":8},"end":{"line":19,"column":33}},"7":{"start":{"line":23,"column":0},"end":{"line":23,"column":23}}},"fnMap":{"0":{"name":"(anonymous_0)","decl":{"start":{"line":13,"column":4},"end":{"line":13,"column":5}},"loc":{"start":{"line":13,"column":86},"end":{"line":20,"column":5}},"line":13}},"branchMap":{"0":{"loc":{"start":{"line":13,"column":16},"end":{"line":13,"column":29}},"type":"default-arg","locations":[{"start":{"line":13,"column":21},"end":{"line":13,"column":29}}],"line":13},"1":{"loc":{"start":{"line":13,"column":60},"end":{"line":13,"column":70}},"type":"default-arg","locations":[{"start":{"line":13,"column":69},"end":{"line":13,"column":70}}],"line":13},"2":{"loc":{"start":{"line":13,"column":72},"end":{"line":13,"column":84}},"type":"default-arg","locations":[{"start":{"line":13,"column":83},"end":{"line":13,"column":84}}],"line":13}},"s":{"0":4,"1":2,"2":2,"3":2,"4":2,"5":2,"6":2,"7":4},"f":{"0":2},"b":{"0":[0],"1":[0],"2":[0]},"_coverageSchema":"1a1c01bbd47fc00a2c39e90264f33305004495a9","hash":"a2437dd8921de7d0d1ea5c5e1200198cba8a49ab"}
,"/Users/lucasbonaffini/Dev/war_game/src/models/User.js": {"path":"/Users/lucasbonaffini/Dev/war_game/src/models/User.js","statementMap":{"0":{"start":{"line":1,"column":23},"end":{"line":1,"column":38}},"1":{"start":{"line":2,"column":15},"end":{"line":2,"column":34}},"2":{"start":{"line":6,"column":8},"end":{"line":6,"column":21}},"3":{"start":{"line":7,"column":8},"end":{"line":7,"column":33}},"4":{"start":{"line":8,"column":8},"end":{"line":8,"column":33}},"5":{"start":{"line":9,"column":8},"end":{"line":9,"column":25}},"6":{"start":{"line":13,"column":8},"end":{"line":13,"column":55}},"7":{"start":{"line":17,"column":0},"end":{"line":17,"column":22}}},"fnMap":{"0":{"name":"(anonymous_0)","decl":{"start":{"line":5,"column":4},"end":{"line":5,"column":5}},"loc":{"start":{"line":5,"column":66},"end":{"line":10,"column":5}},"line":5},"1":{"name":"(anonymous_1)","decl":{"start":{"line":12,"column":4},"end":{"line":12,"column":5}},"loc":{"start":{"line":12,"column":35},"end":{"line":14,"column":5}},"line":12}},"branchMap":{"0":{"loc":{"start":{"line":5,"column":16},"end":{"line":5,"column":29}},"type":"default-arg","locations":[{"start":{"line":5,"column":21},"end":{"line":5,"column":29}}],"line":5},"1":{"loc":{"start":{"line":5,"column":51},"end":{"line":5,"column":64}},"type":"default-arg","locations":[{"start":{"line":5,"column":58},"end":{"line":5,"column":64}}],"line":5}},"s":{"0":2,"1":2,"2":4,"3":4,"4":4,"5":4,"6":0,"7":2},"f":{"0":4,"1":0},"b":{"0":[2],"1":[0]},"_coverageSchema":"1a1c01bbd47fc00a2c39e90264f33305004495a9","hash":"87f377673b220a8e20647787e51fd81bf9df0a34"}
,"/Users/lucasbonaffini/Dev/war_game/src/models/Weapon.js": {"path":"/Users/lucasbonaffini/Dev/war_game/src/models/Weapon.js","statementMap":{"0":{"start":{"line":1,"column":23},"end":{"line":1,"column":38}},"1":{"start":{"line":5,"column":8},"end":{"line":5,"column":21}},"2":{"start":{"line":6,"column":8},"end":{"line":6,"column":25}},"3":{"start":{"line":7,"column":8},"end":{"line":7,"column":33}},"4":{"start":{"line":8,"column":8},"end":{"line":8,"column":29}},"5":{"start":{"line":13,"column":0},"end":{"line":13,"column":24}}},"fnMap":{"0":{"name":"(anonymous_0)","decl":{"start":{"line":4,"column":4},"end":{"line":4,"column":5}},"loc":{"start":{"line":4,"column":55},"end":{"line":10,"column":5}},"line":4}},"branchMap":{"0":{"loc":{"start":{"line":4,"column":16},"end":{"line":4,"column":29}},"type":"default-arg","locations":[{"start":{"line":4,"column":21},"end":{"line":4,"column":29}}],"line":4}},"s":{"0":6,"1":0,"2":0,"3":0,"4":0,"5":6},"f":{"0":0},"b":{"0":[0]},"_coverageSchema":"1a1c01bbd47fc00a2c39e90264f33305004495a9","hash":"2106f700d3c1e2a078e48b4ed9b35aad8adaec87"}
,"/Users/lucasbonaffini/Dev/war_game/src/models/Wizard.js": {"path":"/Users/lucasbonaffini/Dev/war_game/src/models/Wizard.js","statementMap":{"0":{"start":{"line":1,"column":18},"end":{"line":1,"column":40}},"1":{"start":{"line":19,"column":8},"end":{"line":19,"column":78}},"2":{"start":{"line":20,"column":8},"end":{"line":20,"column":25}},"3":{"start":{"line":21,"column":8},"end":{"line":21,"column":31}},"4":{"start":{"line":22,"column":8},"end":{"line":22,"column":29}},"5":{"start":{"line":26,"column":0},"end":{"line":26,"column":24}}},"fnMap":{"0":{"name":"(anonymous_0)","decl":{"start":{"line":18,"column":4},"end":{"line":18,"column":5}},"loc":{"start":{"line":18,"column":155},"end":{"line":23,"column":5}},"line":18}},"branchMap":{"0":{"loc":{"start":{"line":18,"column":41},"end":{"line":18,"column":50}},"type":"default-arg","locations":[{"start":{"line":18,"column":48},"end":{"line":18,"column":50}}],"line":18},"1":{"loc":{"start":{"line":18,"column":52},"end":{"line":18,"column":64}},"type":"default-arg","locations":[{"start":{"line":18,"column":62},"end":{"line":18,"column":64}}],"line":18},"2":{"loc":{"start":{"line":18,"column":66},"end":{"line":18,"column":78}},"type":"default-arg","locations":[{"start":{"line":18,"column":76},"end":{"line":18,"column":78}}],"line":18},"3":{"loc":{"start":{"line":18,"column":80},"end":{"line":18,"column":89}},"type":"default-arg","locations":[{"start":{"line":18,"column":85},"end":{"line":18,"column":89}}],"line":18},"4":{"loc":{"start":{"line":18,"column":91},"end":{"line":18,"column":103}},"type":"default-arg","locations":[{"start":{"line":18,"column":99},"end":{"line":18,"column":103}}],"line":18},"5":{"loc":{"start":{"line":18,"column":105},"end":{"line":18,"column":111}},"type":"default-arg","locations":[{"start":{"line":18,"column":110},"end":{"line":18,"column":111}}],"line":18},"6":{"loc":{"start":{"line":18,"column":113},"end":{"line":18,"column":124}},"type":"default-arg","locations":[{"start":{"line":18,"column":120},"end":{"line":18,"column":124}}],"line":18},"7":{"loc":{"start":{"line":18,"column":126},"end":{"line":18,"column":140}},"type":"default-arg","locations":[{"start":{"line":18,"column":136},"end":{"line":18,"column":140}}],"line":18},"8":{"loc":{"start":{"line":18,"column":142},"end":{"line":18,"column":153}},"type":"default-arg","locations":[{"start":{"line":18,"column":151},"end":{"line":18,"column":153}}],"line":18}},"s":{"0":2,"1":1,"2":1,"3":1,"4":1,"5":2},"f":{"0":1},"b":{"0":[0],"1":[0],"2":[0],"3":[0],"4":[0],"5":[0],"6":[0],"7":[0],"8":[1]},"_coverageSchema":"1a1c01bbd47fc00a2c39e90264f33305004495a9","hash":"07b503b66280a17c0561d5999c2be947479a0c52"}
,"/Users/lucasbonaffini/Dev/war_game/src/routes/AuthRouter.js": {"path":"/Users/lucasbonaffini/Dev/war_game/src/routes/AuthRouter.js","statementMap":{"0":{"start":{"line":1,"column":16},"end":{"line":1,"column":34}},"1":{"start":{"line":2,"column":15},"end":{"line":2,"column":31}},"2":{"start":{"line":3,"column":24},"end":{"line":3,"column":55}},"3":{"start":{"line":4,"column":20},"end":{"line":4,"column":54}},"4":{"start":{"line":5,"column":23},"end":{"line":5,"column":60}},"5":{"start":{"line":7,"column":0},"end":{"line":15,"column":3}},"6":{"start":{"line":8,"column":35},"end":{"line":8,"column":43}},"7":{"start":{"line":9,"column":4},"end":{"line":14,"column":5}},"8":{"start":{"line":10,"column":21},"end":{"line":10,"column":69}},"9":{"start":{"line":11,"column":8},"end":{"line":11,"column":35}},"10":{"start":{"line":13,"column":8},"end":{"line":13,"column":63}},"11":{"start":{"line":17,"column":0},"end":{"line":29,"column":3}},"12":{"start":{"line":18,"column":35},"end":{"line":18,"column":43}},"13":{"start":{"line":19,"column":4},"end":{"line":28,"column":5}},"14":{"start":{"line":20,"column":21},"end":{"line":20,"column":66}},"15":{"start":{"line":21,"column":8},"end":{"line":23,"column":9}},"16":{"start":{"line":22,"column":12},"end":{"line":22,"column":74}},"17":{"start":{"line":24,"column":22},"end":{"line":24,"column":75}},"18":{"start":{"line":25,"column":8},"end":{"line":25,"column":28}},"19":{"start":{"line":27,"column":8},"end":{"line":27,"column":60}},"20":{"start":{"line":31,"column":0},"end":{"line":33,"column":3}},"21":{"start":{"line":32,"column":4},"end":{"line":32,"column":71}},"22":{"start":{"line":35,"column":0},"end":{"line":35,"column":24}}},"fnMap":{"0":{"name":"(anonymous_0)","decl":{"start":{"line":7,"column":25},"end":{"line":7,"column":26}},"loc":{"start":{"line":7,"column":45},"end":{"line":15,"column":1}},"line":7},"1":{"name":"(anonymous_1)","decl":{"start":{"line":17,"column":22},"end":{"line":17,"column":23}},"loc":{"start":{"line":17,"column":42},"end":{"line":29,"column":1}},"line":17},"2":{"name":"(anonymous_2)","decl":{"start":{"line":31,"column":41},"end":{"line":31,"column":42}},"loc":{"start":{"line":31,"column":55},"end":{"line":33,"column":1}},"line":31}},"branchMap":{"0":{"loc":{"start":{"line":21,"column":8},"end":{"line":23,"column":9}},"type":"if","locations":[{"start":{"line":21,"column":8},"end":{"line":23,"column":9}},{"start":{},"end":{}}],"line":21},"1":{"loc":{"start":{"line":21,"column":12},"end":{"line":21,"column":59}},"type":"binary-expr","locations":[{"start":{"line":21,"column":12},"end":{"line":21,"column":17}},{"start":{"line":21,"column":21},"end":{"line":21,"column":59}}],"line":21}},"s":{"0":1,"1":1,"2":1,"3":1,"4":1,"5":1,"6":2,"7":2,"8":2,"9":1,"10":1,"11":1,"12":3,"13":3,"14":3,"15":2,"16":1,"17":1,"18":1,"19":1,"20":1,"21":1,"22":1},"f":{"0":2,"1":3,"2":1},"b":{"0":[1,1],"1":[2,2]},"_coverageSchema":"1a1c01bbd47fc00a2c39e90264f33305004495a9","hash":"b5db03183dda2df009fb8367a77d5b382a35b9bb"}
,"/Users/lucasbonaffini/Dev/war_game/src/routes/CharacterRouter.js": {"path":"/Users/lucasbonaffini/Dev/war_game/src/routes/CharacterRouter.js","statementMap":{"0":{"start":{"line":1,"column":16},"end":{"line":1,"column":34}},"1":{"start":{"line":2,"column":15},"end":{"line":2,"column":31}},"2":{"start":{"line":3,"column":25},"end":{"line":3,"column":67}},"3":{"start":{"line":6,"column":0},"end":{"line":13,"column":3}},"4":{"start":{"line":7,"column":4},"end":{"line":12,"column":5}},"5":{"start":{"line":8,"column":26},"end":{"line":8,"column":74}},"6":{"start":{"line":9,"column":8},"end":{"line":9,"column":40}},"7":{"start":{"line":11,"column":8},"end":{"line":11,"column":20}},"8":{"start":{"line":15,"column":0},"end":{"line":27,"column":2}},"9":{"start":{"line":16,"column":4},"end":{"line":26,"column":5}},"10":{"start":{"line":17,"column":26},"end":{"line":17,"column":83}},"11":{"start":{"line":18,"column":8},"end":{"line":22,"column":9}},"12":{"start":{"line":19,"column":12},"end":{"line":19,"column":44}},"13":{"start":{"line":21,"column":12},"end":{"line":21,"column":55}},"14":{"start":{"line":24,"column":8},"end":{"line":24,"column":57}},"15":{"start":{"line":25,"column":8},"end":{"line":25,"column":20}},"16":{"start":{"line":29,"column":0},"end":{"line":40,"column":2}},"17":{"start":{"line":30,"column":4},"end":{"line":39,"column":5}},"18":{"start":{"line":31,"column":24},"end":{"line":31,"column":87}},"19":{"start":{"line":32,"column":8},"end":{"line":36,"column":9}},"20":{"start":{"line":33,"column":12},"end":{"line":33,"column":66}},"21":{"start":{"line":35,"column":12},"end":{"line":35,"column":55}},"22":{"start":{"line":38,"column":8},"end":{"line":38,"column":20}},"23":{"start":{"line":42,"column":0},"end":{"line":53,"column":3}},"24":{"start":{"line":43,"column":4},"end":{"line":52,"column":5}},"25":{"start":{"line":44,"column":24},"end":{"line":44,"column":77}},"26":{"start":{"line":45,"column":4},"end":{"line":49,"column":5}},"27":{"start":{"line":46,"column":8},"end":{"line":46,"column":63}},"28":{"start":{"line":48,"column":8},"end":{"line":48,"column":51}},"29":{"start":{"line":51,"column":8},"end":{"line":51,"column":20}},"30":{"start":{"line":55,"column":0},"end":{"line":62,"column":2}},"31":{"start":{"line":56,"column":4},"end":{"line":61,"column":5}},"32":{"start":{"line":57,"column":27},"end":{"line":57,"column":68}},"33":{"start":{"line":58,"column":8},"end":{"line":58,"column":41}},"34":{"start":{"line":60,"column":8},"end":{"line":60,"column":20}},"35":{"start":{"line":64,"column":0},"end":{"line":72,"column":3}},"36":{"start":{"line":65,"column":47},"end":{"line":65,"column":55}},"37":{"start":{"line":66,"column":4},"end":{"line":71,"column":5}},"38":{"start":{"line":67,"column":23},"end":{"line":67,"column":84}},"39":{"start":{"line":68,"column":8},"end":{"line":68,"column":37}},"40":{"start":{"line":70,"column":8},"end":{"line":70,"column":20}},"41":{"start":{"line":74,"column":0},"end":{"line":81,"column":3}},"42":{"start":{"line":75,"column":4},"end":{"line":80,"column":5}},"43":{"start":{"line":76,"column":26},"end":{"line":76,"column":99}},"44":{"start":{"line":77,"column":8},"end":{"line":77,"column":40}},"45":{"start":{"line":79,"column":8},"end":{"line":79,"column":20}},"46":{"start":{"line":83,"column":0},"end":{"line":90,"column":3}},"47":{"start":{"line":84,"column":4},"end":{"line":89,"column":5}},"48":{"start":{"line":85,"column":26},"end":{"line":85,"column":103}},"49":{"start":{"line":86,"column":8},"end":{"line":86,"column":40}},"50":{"start":{"line":88,"column":8},"end":{"line":88,"column":20}},"51":{"start":{"line":92,"column":0},"end":{"line":99,"column":3}},"52":{"start":{"line":93,"column":4},"end":{"line":98,"column":5}},"53":{"start":{"line":94,"column":26},"end":{"line":94,"column":103}},"54":{"start":{"line":95,"column":8},"end":{"line":95,"column":40}},"55":{"start":{"line":97,"column":8},"end":{"line":97,"column":20}},"56":{"start":{"line":101,"column":0},"end":{"line":108,"column":3}},"57":{"start":{"line":102,"column":4},"end":{"line":107,"column":5}},"58":{"start":{"line":103,"column":26},"end":{"line":103,"column":77}},"59":{"start":{"line":104,"column":8},"end":{"line":104,"column":40}},"60":{"start":{"line":106,"column":8},"end":{"line":106,"column":20}},"61":{"start":{"line":110,"column":0},"end":{"line":110,"column":24}}},"fnMap":{"0":{"name":"(anonymous_0)","decl":{"start":{"line":6,"column":17},"end":{"line":6,"column":18}},"loc":{"start":{"line":6,"column":43},"end":{"line":13,"column":1}},"line":6},"1":{"name":"(anonymous_1)","decl":{"start":{"line":15,"column":19},"end":{"line":15,"column":20}},"loc":{"start":{"line":15,"column":45},"end":{"line":27,"column":1}},"line":15},"2":{"name":"(anonymous_2)","decl":{"start":{"line":29,"column":19},"end":{"line":29,"column":20}},"loc":{"start":{"line":29,"column":45},"end":{"line":40,"column":1}},"line":29},"3":{"name":"(anonymous_3)","decl":{"start":{"line":42,"column":22},"end":{"line":42,"column":23}},"loc":{"start":{"line":42,"column":48},"end":{"line":53,"column":1}},"line":42},"4":{"name":"(anonymous_4)","decl":{"start":{"line":55,"column":16},"end":{"line":55,"column":17}},"loc":{"start":{"line":55,"column":42},"end":{"line":62,"column":1}},"line":55},"5":{"name":"(anonymous_5)","decl":{"start":{"line":64,"column":23},"end":{"line":64,"column":24}},"loc":{"start":{"line":64,"column":49},"end":{"line":72,"column":1}},"line":64},"6":{"name":"(anonymous_6)","decl":{"start":{"line":74,"column":43},"end":{"line":74,"column":44}},"loc":{"start":{"line":74,"column":69},"end":{"line":81,"column":1}},"line":74},"7":{"name":"(anonymous_7)","decl":{"start":{"line":83,"column":47},"end":{"line":83,"column":48}},"loc":{"start":{"line":83,"column":73},"end":{"line":90,"column":1}},"line":83},"8":{"name":"(anonymous_8)","decl":{"start":{"line":92,"column":47},"end":{"line":92,"column":48}},"loc":{"start":{"line":92,"column":73},"end":{"line":99,"column":1}},"line":92},"9":{"name":"(anonymous_9)","decl":{"start":{"line":101,"column":34},"end":{"line":101,"column":35}},"loc":{"start":{"line":101,"column":60},"end":{"line":108,"column":1}},"line":101}},"branchMap":{"0":{"loc":{"start":{"line":18,"column":8},"end":{"line":22,"column":9}},"type":"if","locations":[{"start":{"line":18,"column":8},"end":{"line":22,"column":9}},{"start":{"line":20,"column":15},"end":{"line":22,"column":9}}],"line":18},"1":{"loc":{"start":{"line":32,"column":8},"end":{"line":36,"column":9}},"type":"if","locations":[{"start":{"line":32,"column":8},"end":{"line":36,"column":9}},{"start":{"line":34,"column":15},"end":{"line":36,"column":9}}],"line":32},"2":{"loc":{"start":{"line":45,"column":4},"end":{"line":49,"column":5}},"type":"if","locations":[{"start":{"line":45,"column":4},"end":{"line":49,"column":5}},{"start":{"line":47,"column":11},"end":{"line":49,"column":5}}],"line":45}},"s":{"0":1,"1":1,"2":1,"3":1,"4":1,"5":1,"6":1,"7":0,"8":1,"9":2,"10":2,"11":2,"12":1,"13":1,"14":0,"15":0,"16":1,"17":2,"18":2,"19":2,"20":1,"21":1,"22":0,"23":1,"24":2,"25":2,"26":2,"27":1,"28":1,"29":0,"30":1,"31":1,"32":1,"33":1,"34":0,"35":1,"36":1,"37":1,"38":1,"39":1,"40":0,"41":1,"42":1,"43":1,"44":1,"45":0,"46":1,"47":1,"48":1,"49":1,"50":0,"51":1,"52":1,"53":1,"54":1,"55":0,"56":1,"57":1,"58":1,"59":1,"60":0,"61":1},"f":{"0":1,"1":2,"2":2,"3":2,"4":1,"5":1,"6":1,"7":1,"8":1,"9":1},"b":{"0":[1,1],"1":[1,1],"2":[1,1]},"_coverageSchema":"1a1c01bbd47fc00a2c39e90264f33305004495a9","hash":"0044bada92135bddfa25a01ca3b42acf25e3ab91"}
,"/Users/lucasbonaffini/Dev/war_game/src/routes/ClassRouter.js": {"path":"/Users/lucasbonaffini/Dev/war_game/src/routes/ClassRouter.js","statementMap":{"0":{"start":{"line":1,"column":16},"end":{"line":1,"column":34}},"1":{"start":{"line":2,"column":15},"end":{"line":2,"column":31}},"2":{"start":{"line":3,"column":21},"end":{"line":3,"column":59}},"3":{"start":{"line":6,"column":0},"end":{"line":13,"column":3}},"4":{"start":{"line":7,"column":4},"end":{"line":12,"column":5}},"5":{"start":{"line":8,"column":25},"end":{"line":8,"column":65}},"6":{"start":{"line":9,"column":8},"end":{"line":9,"column":39}},"7":{"start":{"line":11,"column":8},"end":{"line":11,"column":55}},"8":{"start":{"line":16,"column":0},"end":{"line":23,"column":3}},"9":{"start":{"line":17,"column":4},"end":{"line":22,"column":5}},"10":{"start":{"line":18,"column":24},"end":{"line":18,"column":58}},"11":{"start":{"line":19,"column":8},"end":{"line":19,"column":38}},"12":{"start":{"line":21,"column":8},"end":{"line":21,"column":55}},"13":{"start":{"line":26,"column":0},"end":{"line":36,"column":3}},"14":{"start":{"line":27,"column":4},"end":{"line":35,"column":5}},"15":{"start":{"line":28,"column":26},"end":{"line":28,"column":75}},"16":{"start":{"line":29,"column":8},"end":{"line":31,"column":9}},"17":{"start":{"line":30,"column":12},"end":{"line":30,"column":70}},"18":{"start":{"line":32,"column":8},"end":{"line":32,"column":40}},"19":{"start":{"line":34,"column":8},"end":{"line":34,"column":55}},"20":{"start":{"line":39,"column":0},"end":{"line":49,"column":3}},"21":{"start":{"line":40,"column":4},"end":{"line":48,"column":5}},"22":{"start":{"line":41,"column":24},"end":{"line":41,"column":79}},"23":{"start":{"line":42,"column":8},"end":{"line":44,"column":9}},"24":{"start":{"line":43,"column":12},"end":{"line":43,"column":70}},"25":{"start":{"line":45,"column":8},"end":{"line":45,"column":72}},"26":{"start":{"line":47,"column":8},"end":{"line":47,"column":55}},"27":{"start":{"line":52,"column":0},"end":{"line":62,"column":3}},"28":{"start":{"line":53,"column":4},"end":{"line":61,"column":5}},"29":{"start":{"line":54,"column":24},"end":{"line":54,"column":69}},"30":{"start":{"line":55,"column":8},"end":{"line":57,"column":9}},"31":{"start":{"line":56,"column":12},"end":{"line":56,"column":70}},"32":{"start":{"line":58,"column":8},"end":{"line":58,"column":72}},"33":{"start":{"line":60,"column":8},"end":{"line":60,"column":55}},"34":{"start":{"line":64,"column":0},"end":{"line":64,"column":24}}},"fnMap":{"0":{"name":"(anonymous_0)","decl":{"start":{"line":6,"column":17},"end":{"line":6,"column":18}},"loc":{"start":{"line":6,"column":37},"end":{"line":13,"column":1}},"line":6},"1":{"name":"(anonymous_1)","decl":{"start":{"line":16,"column":16},"end":{"line":16,"column":17}},"loc":{"start":{"line":16,"column":36},"end":{"line":23,"column":1}},"line":16},"2":{"name":"(anonymous_2)","decl":{"start":{"line":26,"column":19},"end":{"line":26,"column":20}},"loc":{"start":{"line":26,"column":39},"end":{"line":36,"column":1}},"line":26},"3":{"name":"(anonymous_3)","decl":{"start":{"line":39,"column":19},"end":{"line":39,"column":20}},"loc":{"start":{"line":39,"column":39},"end":{"line":49,"column":1}},"line":39},"4":{"name":"(anonymous_4)","decl":{"start":{"line":52,"column":22},"end":{"line":52,"column":23}},"loc":{"start":{"line":52,"column":42},"end":{"line":62,"column":1}},"line":52}},"branchMap":{"0":{"loc":{"start":{"line":29,"column":8},"end":{"line":31,"column":9}},"type":"if","locations":[{"start":{"line":29,"column":8},"end":{"line":31,"column":9}},{"start":{},"end":{}}],"line":29},"1":{"loc":{"start":{"line":42,"column":8},"end":{"line":44,"column":9}},"type":"if","locations":[{"start":{"line":42,"column":8},"end":{"line":44,"column":9}},{"start":{},"end":{}}],"line":42},"2":{"loc":{"start":{"line":55,"column":8},"end":{"line":57,"column":9}},"type":"if","locations":[{"start":{"line":55,"column":8},"end":{"line":57,"column":9}},{"start":{},"end":{}}],"line":55}},"s":{"0":1,"1":1,"2":1,"3":1,"4":1,"5":1,"6":1,"7":0,"8":1,"9":1,"10":1,"11":1,"12":0,"13":1,"14":2,"15":2,"16":2,"17":1,"18":1,"19":0,"20":1,"21":2,"22":2,"23":2,"24":1,"25":1,"26":0,"27":1,"28":2,"29":2,"30":2,"31":1,"32":1,"33":0,"34":1},"f":{"0":1,"1":1,"2":2,"3":2,"4":2},"b":{"0":[1,1],"1":[1,1],"2":[1,1]},"_coverageSchema":"1a1c01bbd47fc00a2c39e90264f33305004495a9","hash":"7379c6c3de3d9a1a3a7e2045c084f6fa0e25b7b8"}
,"/Users/lucasbonaffini/Dev/war_game/src/routes/GearRouter.js": {"path":"/Users/lucasbonaffini/Dev/war_game/src/routes/GearRouter.js","statementMap":{"0":{"start":{"line":1,"column":16},"end":{"line":1,"column":34}},"1":{"start":{"line":2,"column":15},"end":{"line":2,"column":31}},"2":{"start":{"line":3,"column":20},"end":{"line":3,"column":57}},"3":{"start":{"line":6,"column":0},"end":{"line":13,"column":3}},"4":{"start":{"line":7,"column":4},"end":{"line":12,"column":5}},"5":{"start":{"line":8,"column":21},"end":{"line":8,"column":59}},"6":{"start":{"line":9,"column":8},"end":{"line":9,"column":35}},"7":{"start":{"line":11,"column":8},"end":{"line":11,"column":20}},"8":{"start":{"line":15,"column":0},"end":{"line":27,"column":2}},"9":{"start":{"line":16,"column":4},"end":{"line":26,"column":5}},"10":{"start":{"line":17,"column":21},"end":{"line":17,"column":68}},"11":{"start":{"line":18,"column":8},"end":{"line":22,"column":9}},"12":{"start":{"line":19,"column":12},"end":{"line":19,"column":39}},"13":{"start":{"line":21,"column":12},"end":{"line":21,"column":50}},"14":{"start":{"line":24,"column":8},"end":{"line":24,"column":52}},"15":{"start":{"line":25,"column":8},"end":{"line":25,"column":20}},"16":{"start":{"line":29,"column":0},"end":{"line":40,"column":2}},"17":{"start":{"line":30,"column":4},"end":{"line":39,"column":5}},"18":{"start":{"line":31,"column":24},"end":{"line":31,"column":77}},"19":{"start":{"line":32,"column":8},"end":{"line":36,"column":9}},"20":{"start":{"line":33,"column":12},"end":{"line":33,"column":61}},"21":{"start":{"line":35,"column":12},"end":{"line":35,"column":50}},"22":{"start":{"line":38,"column":8},"end":{"line":38,"column":20}},"23":{"start":{"line":42,"column":0},"end":{"line":53,"column":3}},"24":{"start":{"line":43,"column":4},"end":{"line":52,"column":5}},"25":{"start":{"line":44,"column":24},"end":{"line":44,"column":67}},"26":{"start":{"line":45,"column":4},"end":{"line":49,"column":5}},"27":{"start":{"line":46,"column":8},"end":{"line":46,"column":58}},"28":{"start":{"line":48,"column":8},"end":{"line":48,"column":46}},"29":{"start":{"line":51,"column":8},"end":{"line":51,"column":20}},"30":{"start":{"line":55,"column":0},"end":{"line":62,"column":2}},"31":{"start":{"line":56,"column":4},"end":{"line":61,"column":5}},"32":{"start":{"line":57,"column":22},"end":{"line":57,"column":53}},"33":{"start":{"line":58,"column":8},"end":{"line":58,"column":36}},"34":{"start":{"line":60,"column":8},"end":{"line":60,"column":20}},"35":{"start":{"line":66,"column":0},"end":{"line":66,"column":24}}},"fnMap":{"0":{"name":"(anonymous_0)","decl":{"start":{"line":6,"column":17},"end":{"line":6,"column":18}},"loc":{"start":{"line":6,"column":43},"end":{"line":13,"column":1}},"line":6},"1":{"name":"(anonymous_1)","decl":{"start":{"line":15,"column":19},"end":{"line":15,"column":20}},"loc":{"start":{"line":15,"column":45},"end":{"line":27,"column":1}},"line":15},"2":{"name":"(anonymous_2)","decl":{"start":{"line":29,"column":19},"end":{"line":29,"column":20}},"loc":{"start":{"line":29,"column":45},"end":{"line":40,"column":1}},"line":29},"3":{"name":"(anonymous_3)","decl":{"start":{"line":42,"column":22},"end":{"line":42,"column":23}},"loc":{"start":{"line":42,"column":48},"end":{"line":53,"column":1}},"line":42},"4":{"name":"(anonymous_4)","decl":{"start":{"line":55,"column":16},"end":{"line":55,"column":17}},"loc":{"start":{"line":55,"column":42},"end":{"line":62,"column":1}},"line":55}},"branchMap":{"0":{"loc":{"start":{"line":18,"column":8},"end":{"line":22,"column":9}},"type":"if","locations":[{"start":{"line":18,"column":8},"end":{"line":22,"column":9}},{"start":{"line":20,"column":15},"end":{"line":22,"column":9}}],"line":18},"1":{"loc":{"start":{"line":32,"column":8},"end":{"line":36,"column":9}},"type":"if","locations":[{"start":{"line":32,"column":8},"end":{"line":36,"column":9}},{"start":{"line":34,"column":15},"end":{"line":36,"column":9}}],"line":32},"2":{"loc":{"start":{"line":45,"column":4},"end":{"line":49,"column":5}},"type":"if","locations":[{"start":{"line":45,"column":4},"end":{"line":49,"column":5}},{"start":{"line":47,"column":11},"end":{"line":49,"column":5}}],"line":45}},"s":{"0":1,"1":1,"2":1,"3":1,"4":1,"5":1,"6":1,"7":0,"8":1,"9":2,"10":2,"11":2,"12":1,"13":1,"14":0,"15":0,"16":1,"17":2,"18":2,"19":2,"20":1,"21":1,"22":0,"23":1,"24":2,"25":2,"26":2,"27":1,"28":1,"29":0,"30":1,"31":1,"32":1,"33":1,"34":0,"35":1},"f":{"0":1,"1":2,"2":2,"3":2,"4":1},"b":{"0":[1,1],"1":[1,1],"2":[1,1]},"_coverageSchema":"1a1c01bbd47fc00a2c39e90264f33305004495a9","hash":"816cf9b89e51c418b1ec5a0f32052eeedfa96d4e"}
,"/Users/lucasbonaffini/Dev/war_game/src/routes/PotionRouter.js": {"path":"/Users/lucasbonaffini/Dev/war_game/src/routes/PotionRouter.js","statementMap":{"0":{"start":{"line":1,"column":16},"end":{"line":1,"column":34}},"1":{"start":{"line":2,"column":15},"end":{"line":2,"column":31}},"2":{"start":{"line":3,"column":22},"end":{"line":3,"column":61}},"3":{"start":{"line":6,"column":0},"end":{"line":13,"column":3}},"4":{"start":{"line":7,"column":4},"end":{"line":12,"column":5}},"5":{"start":{"line":8,"column":23},"end":{"line":8,"column":65}},"6":{"start":{"line":9,"column":8},"end":{"line":9,"column":37}},"7":{"start":{"line":11,"column":8},"end":{"line":11,"column":20}},"8":{"start":{"line":15,"column":0},"end":{"line":27,"column":2}},"9":{"start":{"line":16,"column":4},"end":{"line":26,"column":5}},"10":{"start":{"line":17,"column":23},"end":{"line":17,"column":74}},"11":{"start":{"line":18,"column":8},"end":{"line":22,"column":9}},"12":{"start":{"line":19,"column":12},"end":{"line":19,"column":41}},"13":{"start":{"line":21,"column":12},"end":{"line":21,"column":52}},"14":{"start":{"line":24,"column":8},"end":{"line":24,"column":54}},"15":{"start":{"line":25,"column":8},"end":{"line":25,"column":20}},"16":{"start":{"line":29,"column":0},"end":{"line":40,"column":2}},"17":{"start":{"line":30,"column":4},"end":{"line":39,"column":5}},"18":{"start":{"line":31,"column":24},"end":{"line":31,"column":81}},"19":{"start":{"line":32,"column":8},"end":{"line":36,"column":9}},"20":{"start":{"line":33,"column":12},"end":{"line":33,"column":63}},"21":{"start":{"line":35,"column":12},"end":{"line":35,"column":52}},"22":{"start":{"line":38,"column":8},"end":{"line":38,"column":20}},"23":{"start":{"line":42,"column":0},"end":{"line":53,"column":3}},"24":{"start":{"line":43,"column":4},"end":{"line":52,"column":5}},"25":{"start":{"line":44,"column":24},"end":{"line":44,"column":71}},"26":{"start":{"line":45,"column":4},"end":{"line":49,"column":5}},"27":{"start":{"line":46,"column":8},"end":{"line":46,"column":60}},"28":{"start":{"line":48,"column":8},"end":{"line":48,"column":48}},"29":{"start":{"line":51,"column":8},"end":{"line":51,"column":20}},"30":{"start":{"line":55,"column":0},"end":{"line":62,"column":2}},"31":{"start":{"line":56,"column":4},"end":{"line":61,"column":5}},"32":{"start":{"line":57,"column":24},"end":{"line":57,"column":59}},"33":{"start":{"line":58,"column":8},"end":{"line":58,"column":38}},"34":{"start":{"line":60,"column":8},"end":{"line":60,"column":20}},"35":{"start":{"line":66,"column":0},"end":{"line":66,"column":24}}},"fnMap":{"0":{"name":"(anonymous_0)","decl":{"start":{"line":6,"column":17},"end":{"line":6,"column":18}},"loc":{"start":{"line":6,"column":43},"end":{"line":13,"column":1}},"line":6},"1":{"name":"(anonymous_1)","decl":{"start":{"line":15,"column":19},"end":{"line":15,"column":20}},"loc":{"start":{"line":15,"column":45},"end":{"line":27,"column":1}},"line":15},"2":{"name":"(anonymous_2)","decl":{"start":{"line":29,"column":19},"end":{"line":29,"column":20}},"loc":{"start":{"line":29,"column":45},"end":{"line":40,"column":1}},"line":29},"3":{"name":"(anonymous_3)","decl":{"start":{"line":42,"column":22},"end":{"line":42,"column":23}},"loc":{"start":{"line":42,"column":48},"end":{"line":53,"column":1}},"line":42},"4":{"name":"(anonymous_4)","decl":{"start":{"line":55,"column":16},"end":{"line":55,"column":17}},"loc":{"start":{"line":55,"column":42},"end":{"line":62,"column":1}},"line":55}},"branchMap":{"0":{"loc":{"start":{"line":18,"column":8},"end":{"line":22,"column":9}},"type":"if","locations":[{"start":{"line":18,"column":8},"end":{"line":22,"column":9}},{"start":{"line":20,"column":15},"end":{"line":22,"column":9}}],"line":18},"1":{"loc":{"start":{"line":32,"column":8},"end":{"line":36,"column":9}},"type":"if","locations":[{"start":{"line":32,"column":8},"end":{"line":36,"column":9}},{"start":{"line":34,"column":15},"end":{"line":36,"column":9}}],"line":32},"2":{"loc":{"start":{"line":45,"column":4},"end":{"line":49,"column":5}},"type":"if","locations":[{"start":{"line":45,"column":4},"end":{"line":49,"column":5}},{"start":{"line":47,"column":11},"end":{"line":49,"column":5}}],"line":45}},"s":{"0":1,"1":1,"2":1,"3":1,"4":1,"5":1,"6":1,"7":0,"8":1,"9":2,"10":2,"11":2,"12":1,"13":1,"14":0,"15":0,"16":1,"17":2,"18":2,"19":2,"20":1,"21":1,"22":0,"23":1,"24":2,"25":2,"26":2,"27":1,"28":1,"29":0,"30":1,"31":1,"32":1,"33":1,"34":0,"35":1},"f":{"0":1,"1":2,"2":2,"3":2,"4":1},"b":{"0":[1,1],"1":[1,1],"2":[1,1]},"_coverageSchema":"1a1c01bbd47fc00a2c39e90264f33305004495a9","hash":"2ecbd2f432043c14aeeef6adebb525089c276637"}
,"/Users/lucasbonaffini/Dev/war_game/src/routes/SpellRouter.js": {"path":"/Users/lucasbonaffini/Dev/war_game/src/routes/SpellRouter.js","statementMap":{"0":{"start":{"line":1,"column":16},"end":{"line":1,"column":34}},"1":{"start":{"line":2,"column":15},"end":{"line":2,"column":31}},"2":{"start":{"line":3,"column":21},"end":{"line":3,"column":59}},"3":{"start":{"line":6,"column":0},"end":{"line":13,"column":3}},"4":{"start":{"line":7,"column":4},"end":{"line":12,"column":5}},"5":{"start":{"line":8,"column":22},"end":{"line":8,"column":62}},"6":{"start":{"line":9,"column":8},"end":{"line":9,"column":36}},"7":{"start":{"line":11,"column":8},"end":{"line":11,"column":20}},"8":{"start":{"line":15,"column":0},"end":{"line":26,"column":2}},"9":{"start":{"line":16,"column":4},"end":{"line":25,"column":5}},"10":{"start":{"line":17,"column":22},"end":{"line":17,"column":71}},"11":{"start":{"line":18,"column":8},"end":{"line":22,"column":9}},"12":{"start":{"line":19,"column":12},"end":{"line":19,"column":40}},"13":{"start":{"line":21,"column":12},"end":{"line":21,"column":51}},"14":{"start":{"line":24,"column":8},"end":{"line":24,"column":20}},"15":{"start":{"line":28,"column":0},"end":{"line":39,"column":2}},"16":{"start":{"line":29,"column":4},"end":{"line":38,"column":5}},"17":{"start":{"line":30,"column":24},"end":{"line":30,"column":79}},"18":{"start":{"line":31,"column":8},"end":{"line":35,"column":9}},"19":{"start":{"line":32,"column":12},"end":{"line":32,"column":62}},"20":{"start":{"line":34,"column":12},"end":{"line":34,"column":51}},"21":{"start":{"line":37,"column":8},"end":{"line":37,"column":20}},"22":{"start":{"line":41,"column":0},"end":{"line":52,"column":3}},"23":{"start":{"line":42,"column":4},"end":{"line":51,"column":5}},"24":{"start":{"line":43,"column":24},"end":{"line":43,"column":69}},"25":{"start":{"line":44,"column":4},"end":{"line":48,"column":5}},"26":{"start":{"line":45,"column":8},"end":{"line":45,"column":59}},"27":{"start":{"line":47,"column":8},"end":{"line":47,"column":47}},"28":{"start":{"line":50,"column":8},"end":{"line":50,"column":20}},"29":{"start":{"line":54,"column":0},"end":{"line":61,"column":2}},"30":{"start":{"line":55,"column":4},"end":{"line":60,"column":5}},"31":{"start":{"line":56,"column":23},"end":{"line":56,"column":56}},"32":{"start":{"line":57,"column":8},"end":{"line":57,"column":37}},"33":{"start":{"line":59,"column":8},"end":{"line":59,"column":20}},"34":{"start":{"line":65,"column":0},"end":{"line":65,"column":24}}},"fnMap":{"0":{"name":"(anonymous_0)","decl":{"start":{"line":6,"column":17},"end":{"line":6,"column":18}},"loc":{"start":{"line":6,"column":43},"end":{"line":13,"column":1}},"line":6},"1":{"name":"(anonymous_1)","decl":{"start":{"line":15,"column":19},"end":{"line":15,"column":20}},"loc":{"start":{"line":15,"column":45},"end":{"line":26,"column":1}},"line":15},"2":{"name":"(anonymous_2)","decl":{"start":{"line":28,"column":19},"end":{"line":28,"column":20}},"loc":{"start":{"line":28,"column":45},"end":{"line":39,"column":1}},"line":28},"3":{"name":"(anonymous_3)","decl":{"start":{"line":41,"column":22},"end":{"line":41,"column":23}},"loc":{"start":{"line":41,"column":48},"end":{"line":52,"column":1}},"line":41},"4":{"name":"(anonymous_4)","decl":{"start":{"line":54,"column":16},"end":{"line":54,"column":17}},"loc":{"start":{"line":54,"column":42},"end":{"line":61,"column":1}},"line":54}},"branchMap":{"0":{"loc":{"start":{"line":18,"column":8},"end":{"line":22,"column":9}},"type":"if","locations":[{"start":{"line":18,"column":8},"end":{"line":22,"column":9}},{"start":{"line":20,"column":15},"end":{"line":22,"column":9}}],"line":18},"1":{"loc":{"start":{"line":31,"column":8},"end":{"line":35,"column":9}},"type":"if","locations":[{"start":{"line":31,"column":8},"end":{"line":35,"column":9}},{"start":{"line":33,"column":15},"end":{"line":35,"column":9}}],"line":31},"2":{"loc":{"start":{"line":44,"column":4},"end":{"line":48,"column":5}},"type":"if","locations":[{"start":{"line":44,"column":4},"end":{"line":48,"column":5}},{"start":{"line":46,"column":11},"end":{"line":48,"column":5}}],"line":44}},"s":{"0":1,"1":1,"2":1,"3":1,"4":1,"5":1,"6":1,"7":0,"8":1,"9":2,"10":2,"11":2,"12":1,"13":1,"14":0,"15":1,"16":2,"17":2,"18":2,"19":1,"20":1,"21":0,"22":1,"23":2,"24":2,"25":2,"26":1,"27":1,"28":0,"29":1,"30":1,"31":1,"32":1,"33":0,"34":1},"f":{"0":1,"1":2,"2":2,"3":2,"4":1},"b":{"0":[1,1],"1":[1,1],"2":[1,1]},"_coverageSchema":"1a1c01bbd47fc00a2c39e90264f33305004495a9","hash":"092b623cdc13e895ee04d02e2c8d4add5f2026c8"}
,"/Users/lucasbonaffini/Dev/war_game/src/routes/WeaponRouter.js": {"path":"/Users/lucasbonaffini/Dev/war_game/src/routes/WeaponRouter.js","statementMap":{"0":{"start":{"line":1,"column":16},"end":{"line":1,"column":34}},"1":{"start":{"line":2,"column":15},"end":{"line":2,"column":31}},"2":{"start":{"line":3,"column":22},"end":{"line":3,"column":61}},"3":{"start":{"line":6,"column":0},"end":{"line":13,"column":3}},"4":{"start":{"line":7,"column":4},"end":{"line":12,"column":5}},"5":{"start":{"line":8,"column":23},"end":{"line":8,"column":65}},"6":{"start":{"line":9,"column":8},"end":{"line":9,"column":37}},"7":{"start":{"line":11,"column":8},"end":{"line":11,"column":20}},"8":{"start":{"line":15,"column":0},"end":{"line":27,"column":2}},"9":{"start":{"line":16,"column":4},"end":{"line":26,"column":5}},"10":{"start":{"line":17,"column":23},"end":{"line":17,"column":74}},"11":{"start":{"line":18,"column":8},"end":{"line":22,"column":9}},"12":{"start":{"line":19,"column":12},"end":{"line":19,"column":41}},"13":{"start":{"line":21,"column":12},"end":{"line":21,"column":52}},"14":{"start":{"line":24,"column":8},"end":{"line":24,"column":54}},"15":{"start":{"line":25,"column":8},"end":{"line":25,"column":20}},"16":{"start":{"line":29,"column":0},"end":{"line":40,"column":2}},"17":{"start":{"line":30,"column":4},"end":{"line":39,"column":5}},"18":{"start":{"line":31,"column":24},"end":{"line":31,"column":81}},"19":{"start":{"line":32,"column":8},"end":{"line":36,"column":9}},"20":{"start":{"line":33,"column":12},"end":{"line":33,"column":63}},"21":{"start":{"line":35,"column":12},"end":{"line":35,"column":52}},"22":{"start":{"line":38,"column":8},"end":{"line":38,"column":20}},"23":{"start":{"line":42,"column":0},"end":{"line":53,"column":3}},"24":{"start":{"line":43,"column":4},"end":{"line":52,"column":5}},"25":{"start":{"line":44,"column":24},"end":{"line":44,"column":71}},"26":{"start":{"line":45,"column":4},"end":{"line":49,"column":5}},"27":{"start":{"line":46,"column":8},"end":{"line":46,"column":60}},"28":{"start":{"line":48,"column":8},"end":{"line":48,"column":48}},"29":{"start":{"line":51,"column":8},"end":{"line":51,"column":20}},"30":{"start":{"line":55,"column":0},"end":{"line":62,"column":2}},"31":{"start":{"line":56,"column":4},"end":{"line":61,"column":5}},"32":{"start":{"line":57,"column":24},"end":{"line":57,"column":59}},"33":{"start":{"line":58,"column":8},"end":{"line":58,"column":38}},"34":{"start":{"line":60,"column":8},"end":{"line":60,"column":20}},"35":{"start":{"line":66,"column":0},"end":{"line":66,"column":24}}},"fnMap":{"0":{"name":"(anonymous_0)","decl":{"start":{"line":6,"column":17},"end":{"line":6,"column":18}},"loc":{"start":{"line":6,"column":43},"end":{"line":13,"column":1}},"line":6},"1":{"name":"(anonymous_1)","decl":{"start":{"line":15,"column":19},"end":{"line":15,"column":20}},"loc":{"start":{"line":15,"column":45},"end":{"line":27,"column":1}},"line":15},"2":{"name":"(anonymous_2)","decl":{"start":{"line":29,"column":19},"end":{"line":29,"column":20}},"loc":{"start":{"line":29,"column":45},"end":{"line":40,"column":1}},"line":29},"3":{"name":"(anonymous_3)","decl":{"start":{"line":42,"column":22},"end":{"line":42,"column":23}},"loc":{"start":{"line":42,"column":48},"end":{"line":53,"column":1}},"line":42},"4":{"name":"(anonymous_4)","decl":{"start":{"line":55,"column":16},"end":{"line":55,"column":17}},"loc":{"start":{"line":55,"column":42},"end":{"line":62,"column":1}},"line":55}},"branchMap":{"0":{"loc":{"start":{"line":18,"column":8},"end":{"line":22,"column":9}},"type":"if","locations":[{"start":{"line":18,"column":8},"end":{"line":22,"column":9}},{"start":{"line":20,"column":15},"end":{"line":22,"column":9}}],"line":18},"1":{"loc":{"start":{"line":32,"column":8},"end":{"line":36,"column":9}},"type":"if","locations":[{"start":{"line":32,"column":8},"end":{"line":36,"column":9}},{"start":{"line":34,"column":15},"end":{"line":36,"column":9}}],"line":32},"2":{"loc":{"start":{"line":45,"column":4},"end":{"line":49,"column":5}},"type":"if","locations":[{"start":{"line":45,"column":4},"end":{"line":49,"column":5}},{"start":{"line":47,"column":11},"end":{"line":49,"column":5}}],"line":45}},"s":{"0":1,"1":1,"2":1,"3":1,"4":1,"5":1,"6":1,"7":0,"8":1,"9":2,"10":2,"11":2,"12":1,"13":1,"14":0,"15":0,"16":1,"17":2,"18":2,"19":2,"20":1,"21":1,"22":0,"23":1,"24":2,"25":2,"26":2,"27":1,"28":1,"29":0,"30":1,"31":1,"32":1,"33":1,"34":0,"35":1},"f":{"0":1,"1":2,"2":2,"3":2,"4":1},"b":{"0":[1,1],"1":[1,1],"2":[1,1]},"_coverageSchema":"1a1c01bbd47fc00a2c39e90264f33305004495a9","hash":"84d1851fddff0b0d97a383983b1f75c94253496c"}
,"/Users/lucasbonaffini/Dev/war_game/src/routes/WizardRouter.js": {"path":"/Users/lucasbonaffini/Dev/war_game/src/routes/WizardRouter.js","statementMap":{"0":{"start":{"line":1,"column":16},"end":{"line":1,"column":34}},"1":{"start":{"line":2,"column":15},"end":{"line":2,"column":31}},"2":{"start":{"line":3,"column":22},"end":{"line":3,"column":58}},"3":{"start":{"line":6,"column":0},"end":{"line":13,"column":3}},"4":{"start":{"line":7,"column":4},"end":{"line":12,"column":5}},"5":{"start":{"line":8,"column":26},"end":{"line":8,"column":68}},"6":{"start":{"line":9,"column":8},"end":{"line":9,"column":40}},"7":{"start":{"line":11,"column":8},"end":{"line":11,"column":55}},"8":{"start":{"line":16,"column":0},"end":{"line":23,"column":3}},"9":{"start":{"line":17,"column":4},"end":{"line":22,"column":5}},"10":{"start":{"line":18,"column":24},"end":{"line":18,"column":59}},"11":{"start":{"line":19,"column":8},"end":{"line":19,"column":38}},"12":{"start":{"line":21,"column":8},"end":{"line":21,"column":55}},"13":{"start":{"line":26,"column":0},"end":{"line":36,"column":3}},"14":{"start":{"line":27,"column":4},"end":{"line":35,"column":5}},"15":{"start":{"line":28,"column":23},"end":{"line":28,"column":74}},"16":{"start":{"line":29,"column":8},"end":{"line":31,"column":9}},"17":{"start":{"line":30,"column":12},"end":{"line":30,"column":71}},"18":{"start":{"line":32,"column":8},"end":{"line":32,"column":37}},"19":{"start":{"line":34,"column":8},"end":{"line":34,"column":55}},"20":{"start":{"line":39,"column":0},"end":{"line":49,"column":3}},"21":{"start":{"line":40,"column":4},"end":{"line":48,"column":5}},"22":{"start":{"line":41,"column":24},"end":{"line":41,"column":81}},"23":{"start":{"line":42,"column":8},"end":{"line":44,"column":9}},"24":{"start":{"line":43,"column":12},"end":{"line":43,"column":71}},"25":{"start":{"line":45,"column":8},"end":{"line":45,"column":73}},"26":{"start":{"line":47,"column":8},"end":{"line":47,"column":55}},"27":{"start":{"line":52,"column":0},"end":{"line":62,"column":3}},"28":{"start":{"line":53,"column":4},"end":{"line":61,"column":5}},"29":{"start":{"line":54,"column":24},"end":{"line":54,"column":71}},"30":{"start":{"line":55,"column":8},"end":{"line":57,"column":9}},"31":{"start":{"line":56,"column":12},"end":{"line":56,"column":71}},"32":{"start":{"line":58,"column":8},"end":{"line":58,"column":73}},"33":{"start":{"line":60,"column":8},"end":{"line":60,"column":55}},"34":{"start":{"line":64,"column":0},"end":{"line":72,"column":3}},"35":{"start":{"line":65,"column":46},"end":{"line":65,"column":54}},"36":{"start":{"line":66,"column":4},"end":{"line":71,"column":5}},"37":{"start":{"line":67,"column":23},"end":{"line":67,"column":83}},"38":{"start":{"line":68,"column":8},"end":{"line":68,"column":37}},"39":{"start":{"line":70,"column":8},"end":{"line":70,"column":20}},"40":{"start":{"line":75,"column":0},"end":{"line":82,"column":3}},"41":{"start":{"line":76,"column":4},"end":{"line":81,"column":5}},"42":{"start":{"line":77,"column":23},"end":{"line":77,"column":69}},"43":{"start":{"line":78,"column":8},"end":{"line":78,"column":37}},"44":{"start":{"line":80,"column":8},"end":{"line":80,"column":55}},"45":{"start":{"line":85,"column":0},"end":{"line":93,"column":3}},"46":{"start":{"line":86,"column":4},"end":{"line":92,"column":5}},"47":{"start":{"line":87,"column":28},"end":{"line":87,"column":36}},"48":{"start":{"line":88,"column":23},"end":{"line":88,"column":75}},"49":{"start":{"line":89,"column":8},"end":{"line":89,"column":37}},"50":{"start":{"line":91,"column":8},"end":{"line":91,"column":55}},"51":{"start":{"line":95,"column":0},"end":{"line":95,"column":24}}},"fnMap":{"0":{"name":"(anonymous_0)","decl":{"start":{"line":6,"column":17},"end":{"line":6,"column":18}},"loc":{"start":{"line":6,"column":37},"end":{"line":13,"column":1}},"line":6},"1":{"name":"(anonymous_1)","decl":{"start":{"line":16,"column":16},"end":{"line":16,"column":17}},"loc":{"start":{"line":16,"column":36},"end":{"line":23,"column":1}},"line":16},"2":{"name":"(anonymous_2)","decl":{"start":{"line":26,"column":19},"end":{"line":26,"column":20}},"loc":{"start":{"line":26,"column":39},"end":{"line":36,"column":1}},"line":26},"3":{"name":"(anonymous_3)","decl":{"start":{"line":39,"column":19},"end":{"line":39,"column":20}},"loc":{"start":{"line":39,"column":39},"end":{"line":49,"column":1}},"line":39},"4":{"name":"(anonymous_4)","decl":{"start":{"line":52,"column":22},"end":{"line":52,"column":23}},"loc":{"start":{"line":52,"column":42},"end":{"line":62,"column":1}},"line":52},"5":{"name":"(anonymous_5)","decl":{"start":{"line":64,"column":23},"end":{"line":64,"column":24}},"loc":{"start":{"line":64,"column":49},"end":{"line":72,"column":1}},"line":64},"6":{"name":"(anonymous_6)","decl":{"start":{"line":75,"column":33},"end":{"line":75,"column":34}},"loc":{"start":{"line":75,"column":53},"end":{"line":82,"column":1}},"line":75},"7":{"name":"(anonymous_7)","decl":{"start":{"line":85,"column":30},"end":{"line":85,"column":31}},"loc":{"start":{"line":85,"column":50},"end":{"line":93,"column":1}},"line":85}},"branchMap":{"0":{"loc":{"start":{"line":29,"column":8},"end":{"line":31,"column":9}},"type":"if","locations":[{"start":{"line":29,"column":8},"end":{"line":31,"column":9}},{"start":{},"end":{}}],"line":29},"1":{"loc":{"start":{"line":42,"column":8},"end":{"line":44,"column":9}},"type":"if","locations":[{"start":{"line":42,"column":8},"end":{"line":44,"column":9}},{"start":{},"end":{}}],"line":42},"2":{"loc":{"start":{"line":55,"column":8},"end":{"line":57,"column":9}},"type":"if","locations":[{"start":{"line":55,"column":8},"end":{"line":57,"column":9}},{"start":{},"end":{}}],"line":55}},"s":{"0":1,"1":1,"2":1,"3":1,"4":1,"5":1,"6":1,"7":0,"8":1,"9":1,"10":1,"11":1,"12":0,"13":1,"14":2,"15":2,"16":2,"17":1,"18":1,"19":0,"20":1,"21":2,"22":2,"23":2,"24":1,"25":1,"26":0,"27":1,"28":2,"29":2,"30":2,"31":1,"32":1,"33":0,"34":1,"35":1,"36":1,"37":1,"38":1,"39":0,"40":1,"41":1,"42":1,"43":1,"44":0,"45":1,"46":1,"47":1,"48":1,"49":1,"50":0,"51":1},"f":{"0":1,"1":1,"2":2,"3":2,"4":2,"5":1,"6":1,"7":1},"b":{"0":[1,1],"1":[1,1],"2":[1,1]},"_coverageSchema":"1a1c01bbd47fc00a2c39e90264f33305004495a9","hash":"41395d3b0e0d5a285f6489401d0eea373f2bf4d5"}
,"/Users/lucasbonaffini/Dev/war_game/src/services/CharacterService.js": {"path":"/Users/lucasbonaffini/Dev/war_game/src/services/CharacterService.js","statementMap":{"0":{"start":{"line":1,"column":18},"end":{"line":1,"column":48}},"1":{"start":{"line":2,"column":15},"end":{"line":2,"column":42}},"2":{"start":{"line":3,"column":13},"end":{"line":3,"column":38}},"3":{"start":{"line":4,"column":15},"end":{"line":4,"column":42}},"4":{"start":{"line":5,"column":22},"end":{"line":5,"column":58}},"5":{"start":{"line":6,"column":21},"end":{"line":6,"column":46}},"6":{"start":{"line":7,"column":22},"end":{"line":7,"column":48}},"7":{"start":{"line":8,"column":20},"end":{"line":8,"column":44}},"8":{"start":{"line":9,"column":13},"end":{"line":9,"column":36}},"9":{"start":{"line":13,"column":6},"end":{"line":26,"column":7}},"10":{"start":{"line":15,"column":26},"end":{"line":15,"column":98}},"11":{"start":{"line":17,"column":23},"end":{"line":20,"column":9}},"12":{"start":{"line":21,"column":12},"end":{"line":21,"column":67}},"13":{"start":{"line":22,"column":12},"end":{"line":22,"column":29}},"14":{"start":{"line":24,"column":12},"end":{"line":24,"column":62}},"15":{"start":{"line":25,"column":12},"end":{"line":25,"column":24}},"16":{"start":{"line":30,"column":8},"end":{"line":64,"column":9}},"17":{"start":{"line":31,"column":36},"end":{"line":31,"column":137}},"18":{"start":{"line":32,"column":12},"end":{"line":34,"column":13}},"19":{"start":{"line":33,"column":16},"end":{"line":33,"column":55}},"20":{"start":{"line":35,"column":30},"end":{"line":35,"column":46}},"21":{"start":{"line":38,"column":33},"end":{"line":41,"column":49}},"22":{"start":{"line":44,"column":33},"end":{"line":47,"column":49}},"23":{"start":{"line":50,"column":31},"end":{"line":53,"column":49}},"24":{"start":{"line":55,"column":12},"end":{"line":60,"column":14}},"25":{"start":{"line":62,"column":12},"end":{"line":62,"column":67}},"26":{"start":{"line":63,"column":12},"end":{"line":63,"column":24}},"27":{"start":{"line":78,"column":8},"end":{"line":78,"column":21}},"28":{"start":{"line":80,"column":23},"end":{"line":80,"column":49}},"29":{"start":{"line":82,"column":4},"end":{"line":119,"column":5}},"30":{"start":{"line":83,"column":8},"end":{"line":83,"column":44}},"31":{"start":{"line":86,"column":29},"end":{"line":89,"column":9}},"32":{"start":{"line":91,"column":8},"end":{"line":93,"column":9}},"33":{"start":{"line":92,"column":12},"end":{"line":92,"column":51}},"34":{"start":{"line":96,"column":8},"end":{"line":96,"column":90}},"35":{"start":{"line":97,"column":8},"end":{"line":99,"column":9}},"36":{"start":{"line":98,"column":12},"end":{"line":98,"column":117}},"37":{"start":{"line":102,"column":8},"end":{"line":102,"column":93}},"38":{"start":{"line":103,"column":8},"end":{"line":105,"column":9}},"39":{"start":{"line":104,"column":12},"end":{"line":104,"column":124}},"40":{"start":{"line":108,"column":8},"end":{"line":108,"column":93}},"41":{"start":{"line":109,"column":8},"end":{"line":111,"column":9}},"42":{"start":{"line":110,"column":12},"end":{"line":110,"column":124}},"43":{"start":{"line":113,"column":8},"end":{"line":113,"column":34}},"44":{"start":{"line":115,"column":8},"end":{"line":115,"column":36}},"45":{"start":{"line":116,"column":8},"end":{"line":116,"column":48}},"46":{"start":{"line":118,"column":8},"end":{"line":118,"column":29}},"47":{"start":{"line":124,"column":23},"end":{"line":124,"column":49}},"48":{"start":{"line":126,"column":4},"end":{"line":148,"column":5}},"49":{"start":{"line":127,"column":8},"end":{"line":127,"column":44}},"50":{"start":{"line":129,"column":8},"end":{"line":129,"column":90}},"51":{"start":{"line":130,"column":8},"end":{"line":130,"column":93}},"52":{"start":{"line":131,"column":8},"end":{"line":131,"column":93}},"53":{"start":{"line":134,"column":25},"end":{"line":134,"column":92}},"54":{"start":{"line":136,"column":8},"end":{"line":138,"column":9}},"55":{"start":{"line":137,"column":12},"end":{"line":137,"column":51}},"56":{"start":{"line":140,"column":8},"end":{"line":140,"column":34}},"57":{"start":{"line":141,"column":8},"end":{"line":141,"column":20}},"58":{"start":{"line":143,"column":8},"end":{"line":143,"column":36}},"59":{"start":{"line":144,"column":8},"end":{"line":144,"column":58}},"60":{"start":{"line":145,"column":8},"end":{"line":145,"column":20}},"61":{"start":{"line":147,"column":8},"end":{"line":147,"column":29}},"62":{"start":{"line":153,"column":4},"end":{"line":205,"column":7}},"63":{"start":{"line":154,"column":32},"end":{"line":154,"column":114}},"64":{"start":{"line":156,"column":27},"end":{"line":160,"column":10}},"65":{"start":{"line":162,"column":29},"end":{"line":166,"column":10}},"66":{"start":{"line":168,"column":29},"end":{"line":172,"column":10}},"67":{"start":{"line":174,"column":27},"end":{"line":199,"column":10}},"68":{"start":{"line":175,"column":12},"end":{"line":198,"column":14}},"69":{"start":{"line":177,"column":43},"end":{"line":177,"column":74}},"70":{"start":{"line":177,"column":86},"end":{"line":183,"column":17}},"71":{"start":{"line":184,"column":48},"end":{"line":184,"column":79}},"72":{"start":{"line":184,"column":91},"end":{"line":190,"column":17}},"73":{"start":{"line":191,"column":48},"end":{"line":191,"column":79}},"74":{"start":{"line":191,"column":91},"end":{"line":197,"column":17}},"75":{"start":{"line":201,"column":10},"end":{"line":201,"column":28}},"76":{"start":{"line":203,"column":10},"end":{"line":203,"column":65}},"77":{"start":{"line":204,"column":10},"end":{"line":204,"column":22}},"78":{"start":{"line":210,"column":8},"end":{"line":240,"column":9}},"79":{"start":{"line":211,"column":30},"end":{"line":211,"column":85}},"80":{"start":{"line":213,"column":12},"end":{"line":215,"column":13}},"81":{"start":{"line":214,"column":16},"end":{"line":214,"column":55}},"82":{"start":{"line":217,"column":27},"end":{"line":217,"column":73}},"83":{"start":{"line":219,"column":12},"end":{"line":221,"column":13}},"84":{"start":{"line":220,"column":16},"end":{"line":220,"column":52}},"85":{"start":{"line":223,"column":27},"end":{"line":226,"column":13}},"86":{"start":{"line":228,"column":12},"end":{"line":230,"column":13}},"87":{"start":{"line":229,"column":16},"end":{"line":229,"column":74}},"88":{"start":{"line":232,"column":12},"end":{"line":232,"column":127}},"89":{"start":{"line":234,"column":12},"end":{"line":234,"column":43}},"90":{"start":{"line":236,"column":12},"end":{"line":236,"column":29}},"91":{"start":{"line":238,"column":12},"end":{"line":238,"column":71}},"92":{"start":{"line":239,"column":12},"end":{"line":239,"column":24}},"93":{"start":{"line":244,"column":8},"end":{"line":300,"column":9}},"94":{"start":{"line":245,"column":30},"end":{"line":245,"column":85}},"95":{"start":{"line":247,"column":12},"end":{"line":249,"column":13}},"96":{"start":{"line":248,"column":16},"end":{"line":248,"column":55}},"97":{"start":{"line":251,"column":25},"end":{"line":251,"column":65}},"98":{"start":{"line":253,"column":12},"end":{"line":255,"column":13}},"99":{"start":{"line":254,"column":16},"end":{"line":254,"column":50}},"100":{"start":{"line":257,"column":27},"end":{"line":260,"column":13}},"101":{"start":{"line":262,"column":12},"end":{"line":264,"column":13}},"102":{"start":{"line":263,"column":16},"end":{"line":263,"column":82}},"103":{"start":{"line":267,"column":12},"end":{"line":267,"column":120}},"104":{"start":{"line":270,"column":31},"end":{"line":270,"column":32}},"105":{"start":{"line":271,"column":12},"end":{"line":284,"column":13}},"106":{"start":{"line":273,"column":20},"end":{"line":273,"column":39}},"107":{"start":{"line":274,"column":20},"end":{"line":274,"column":26}},"108":{"start":{"line":276,"column":20},"end":{"line":276,"column":39}},"109":{"start":{"line":277,"column":20},"end":{"line":277,"column":26}},"110":{"start":{"line":279,"column":20},"end":{"line":279,"column":39}},"111":{"start":{"line":280,"column":20},"end":{"line":280,"column":26}},"112":{"start":{"line":282,"column":20},"end":{"line":282,"column":39}},"113":{"start":{"line":283,"column":20},"end":{"line":283,"column":26}},"114":{"start":{"line":287,"column":26},"end":{"line":287,"column":69}},"115":{"start":{"line":290,"column":12},"end":{"line":290,"column":96}},"116":{"start":{"line":293,"column":12},"end":{"line":293,"column":38}},"117":{"start":{"line":294,"column":12},"end":{"line":294,"column":33}},"118":{"start":{"line":296,"column":12},"end":{"line":296,"column":29}},"119":{"start":{"line":298,"column":12},"end":{"line":298,"column":69}},"120":{"start":{"line":299,"column":12},"end":{"line":299,"column":24}},"121":{"start":{"line":305,"column":8},"end":{"line":341,"column":9}},"122":{"start":{"line":306,"column":30},"end":{"line":306,"column":85}},"123":{"start":{"line":308,"column":12},"end":{"line":310,"column":13}},"124":{"start":{"line":309,"column":16},"end":{"line":309,"column":55}},"125":{"start":{"line":312,"column":27},"end":{"line":312,"column":73}},"126":{"start":{"line":314,"column":12},"end":{"line":316,"column":13}},"127":{"start":{"line":315,"column":16},"end":{"line":315,"column":52}},"128":{"start":{"line":319,"column":27},"end":{"line":322,"column":13}},"129":{"start":{"line":324,"column":12},"end":{"line":326,"column":13}},"130":{"start":{"line":325,"column":16},"end":{"line":325,"column":82}},"131":{"start":{"line":329,"column":12},"end":{"line":332,"column":14}},"132":{"start":{"line":335,"column":12},"end":{"line":335,"column":43}},"133":{"start":{"line":337,"column":12},"end":{"line":337,"column":29}},"134":{"start":{"line":339,"column":12},"end":{"line":339,"column":70}},"135":{"start":{"line":340,"column":12},"end":{"line":340,"column":24}},"136":{"start":{"line":345,"column":8},"end":{"line":411,"column":9}},"137":{"start":{"line":346,"column":29},"end":{"line":346,"column":83}},"138":{"start":{"line":347,"column":27},"end":{"line":347,"column":79}},"139":{"start":{"line":350,"column":12},"end":{"line":352,"column":13}},"140":{"start":{"line":351,"column":16},"end":{"line":351,"column":55}},"141":{"start":{"line":354,"column":12},"end":{"line":356,"column":15}},"142":{"start":{"line":355,"column":16},"end":{"line":355,"column":52}},"143":{"start":{"line":358,"column":27},"end":{"line":358,"column":72}},"144":{"start":{"line":358,"column":54},"end":{"line":358,"column":71}},"145":{"start":{"line":360,"column":12},"end":{"line":362,"column":13}},"146":{"start":{"line":361,"column":16},"end":{"line":361,"column":87}},"147":{"start":{"line":364,"column":34},"end":{"line":364,"column":86}},"148":{"start":{"line":366,"column":32},"end":{"line":366,"column":45}},"149":{"start":{"line":367,"column":30},"end":{"line":367,"column":43}},"150":{"start":{"line":370,"column":12},"end":{"line":372,"column":13}},"151":{"start":{"line":371,"column":16},"end":{"line":371,"column":33}},"152":{"start":{"line":374,"column":24},"end":{"line":374,"column":25}},"153":{"start":{"line":376,"column":12},"end":{"line":387,"column":9}},"154":{"start":{"line":378,"column":20},"end":{"line":378,"column":62}},"155":{"start":{"line":379,"column":20},"end":{"line":379,"column":41}},"156":{"start":{"line":380,"column":20},"end":{"line":380,"column":26}},"157":{"start":{"line":382,"column":20},"end":{"line":382,"column":63}},"158":{"start":{"line":383,"column":20},"end":{"line":383,"column":41}},"159":{"start":{"line":384,"column":20},"end":{"line":384,"column":26}},"160":{"start":{"line":386,"column":20},"end":{"line":386,"column":26}},"161":{"start":{"line":389,"column":12},"end":{"line":389,"column":37}},"162":{"start":{"line":390,"column":12},"end":{"line":390,"column":45}},"163":{"start":{"line":390,"column":31},"end":{"line":390,"column":45}},"164":{"start":{"line":392,"column":27},"end":{"line":392,"column":42}},"165":{"start":{"line":395,"column":12},"end":{"line":395,"column":98}},"166":{"start":{"line":397,"column":32},"end":{"line":397,"column":277}},"167":{"start":{"line":399,"column":12},"end":{"line":401,"column":13}},"168":{"start":{"line":400,"column":16},"end":{"line":400,"column":71}},"169":{"start":{"line":404,"column":12},"end":{"line":406,"column":13}},"170":{"start":{"line":409,"column":12},"end":{"line":409,"column":58}},"171":{"start":{"line":410,"column":12},"end":{"line":410,"column":24}},"172":{"start":{"line":415,"column":8},"end":{"line":450,"column":9}},"173":{"start":{"line":416,"column":30},"end":{"line":416,"column":85}},"174":{"start":{"line":418,"column":12},"end":{"line":420,"column":13}},"175":{"start":{"line":419,"column":16},"end":{"line":419,"column":55}},"176":{"start":{"line":422,"column":34},"end":{"line":422,"column":96}},"177":{"start":{"line":422,"column":67},"end":{"line":422,"column":95}},"178":{"start":{"line":424,"column":12},"end":{"line":426,"column":13}},"179":{"start":{"line":425,"column":16},"end":{"line":425,"column":82}},"180":{"start":{"line":428,"column":12},"end":{"line":430,"column":13}},"181":{"start":{"line":429,"column":16},"end":{"line":429,"column":76}},"182":{"start":{"line":432,"column":12},"end":{"line":432,"column":101}},"183":{"start":{"line":435,"column":12},"end":{"line":435,"column":99}},"184":{"start":{"line":435,"column":67},"end":{"line":435,"column":97}},"185":{"start":{"line":438,"column":12},"end":{"line":438,"column":104}},"186":{"start":{"line":441,"column":12},"end":{"line":441,"column":136}},"187":{"start":{"line":443,"column":12},"end":{"line":446,"column":14}},"188":{"start":{"line":448,"column":12},"end":{"line":448,"column":58}},"189":{"start":{"line":449,"column":12},"end":{"line":449,"column":24}},"190":{"start":{"line":458,"column":2},"end":{"line":458,"column":36}}},"fnMap":{"0":{"name":"(anonymous_0)","decl":{"start":{"line":12,"column":4},"end":{"line":12,"column":5}},"loc":{"start":{"line":12,"column":72},"end":{"line":27,"column":5}},"line":12},"1":{"name":"(anonymous_1)","decl":{"start":{"line":29,"column":4},"end":{"line":29,"column":5}},"loc":{"start":{"line":29,"column":41},"end":{"line":65,"column":5}},"line":29},"2":{"name":"(anonymous_2)","decl":{"start":{"line":67,"column":2},"end":{"line":67,"column":3}},"loc":{"start":{"line":67,"column":50},"end":{"line":120,"column":1}},"line":67},"3":{"name":"(anonymous_3)","decl":{"start":{"line":123,"column":0},"end":{"line":123,"column":1}},"loc":{"start":{"line":123,"column":33},"end":{"line":149,"column":1}},"line":123},"4":{"name":"(anonymous_4)","decl":{"start":{"line":152,"column":2},"end":{"line":152,"column":3}},"loc":{"start":{"line":152,"column":34},"end":{"line":206,"column":5}},"line":152},"5":{"name":"(anonymous_5)","decl":{"start":{"line":174,"column":45},"end":{"line":174,"column":46}},"loc":{"start":{"line":174,"column":58},"end":{"line":199,"column":9}},"line":174},"6":{"name":"(anonymous_6)","decl":{"start":{"line":177,"column":38},"end":{"line":177,"column":39}},"loc":{"start":{"line":177,"column":43},"end":{"line":177,"column":74}},"line":177},"7":{"name":"(anonymous_7)","decl":{"start":{"line":177,"column":80},"end":{"line":177,"column":81}},"loc":{"start":{"line":177,"column":86},"end":{"line":183,"column":17}},"line":177},"8":{"name":"(anonymous_8)","decl":{"start":{"line":184,"column":43},"end":{"line":184,"column":44}},"loc":{"start":{"line":184,"column":48},"end":{"line":184,"column":79}},"line":184},"9":{"name":"(anonymous_9)","decl":{"start":{"line":184,"column":85},"end":{"line":184,"column":86}},"loc":{"start":{"line":184,"column":91},"end":{"line":190,"column":17}},"line":184},"10":{"name":"(anonymous_10)","decl":{"start":{"line":191,"column":43},"end":{"line":191,"column":44}},"loc":{"start":{"line":191,"column":48},"end":{"line":191,"column":79}},"line":191},"11":{"name":"(anonymous_11)","decl":{"start":{"line":191,"column":85},"end":{"line":191,"column":86}},"loc":{"start":{"line":191,"column":91},"end":{"line":197,"column":17}},"line":191},"12":{"name":"(anonymous_12)","decl":{"start":{"line":209,"column":4},"end":{"line":209,"column":5}},"loc":{"start":{"line":209,"column":50},"end":{"line":241,"column":5}},"line":209},"13":{"name":"(anonymous_13)","decl":{"start":{"line":243,"column":4},"end":{"line":243,"column":5}},"loc":{"start":{"line":243,"column":46},"end":{"line":301,"column":5}},"line":243},"14":{"name":"(anonymous_14)","decl":{"start":{"line":304,"column":4},"end":{"line":304,"column":5}},"loc":{"start":{"line":304,"column":50},"end":{"line":342,"column":5}},"line":304},"15":{"name":"(anonymous_15)","decl":{"start":{"line":344,"column":4},"end":{"line":344,"column":5}},"loc":{"start":{"line":344,"column":56},"end":{"line":412,"column":5}},"line":344},"16":{"name":"(anonymous_16)","decl":{"start":{"line":358,"column":49},"end":{"line":358,"column":50}},"loc":{"start":{"line":358,"column":54},"end":{"line":358,"column":71}},"line":358},"17":{"name":"(anonymous_17)","decl":{"start":{"line":414,"column":4},"end":{"line":414,"column":5}},"loc":{"start":{"line":414,"column":35},"end":{"line":451,"column":5}},"line":414},"18":{"name":"(anonymous_18)","decl":{"start":{"line":422,"column":57},"end":{"line":422,"column":58}},"loc":{"start":{"line":422,"column":67},"end":{"line":422,"column":95}},"line":422},"19":{"name":"(anonymous_19)","decl":{"start":{"line":435,"column":57},"end":{"line":435,"column":58}},"loc":{"start":{"line":435,"column":67},"end":{"line":435,"column":97}},"line":435}},"branchMap":{"0":{"loc":{"start":{"line":32,"column":12},"end":{"line":34,"column":13}},"type":"if","locations":[{"start":{"line":32,"column":12},"end":{"line":34,"column":13}},{"start":{},"end":{}}],"line":32},"1":{"loc":{"start":{"line":72,"column":8},"end":{"line":72,"column":17}},"type":"default-arg","locations":[{"start":{"line":72,"column":15},"end":{"line":72,"column":17}}],"line":72},"2":{"loc":{"start":{"line":73,"column":8},"end":{"line":73,"column":20}},"type":"default-arg","locations":[{"start":{"line":73,"column":18},"end":{"line":73,"column":20}}],"line":73},"3":{"loc":{"start":{"line":74,"column":8},"end":{"line":74,"column":20}},"type":"default-arg","locations":[{"start":{"line":74,"column":18},"end":{"line":74,"column":20}}],"line":74},"4":{"loc":{"start":{"line":91,"column":8},"end":{"line":93,"column":9}},"type":"if","locations":[{"start":{"line":91,"column":8},"end":{"line":93,"column":9}},{"start":{},"end":{}}],"line":91},"5":{"loc":{"start":{"line":136,"column":8},"end":{"line":138,"column":9}},"type":"if","locations":[{"start":{"line":136,"column":8},"end":{"line":138,"column":9}},{"start":{},"end":{}}],"line":136},"6":{"loc":{"start":{"line":213,"column":12},"end":{"line":215,"column":13}},"type":"if","locations":[{"start":{"line":213,"column":12},"end":{"line":215,"column":13}},{"start":{},"end":{}}],"line":213},"7":{"loc":{"start":{"line":219,"column":12},"end":{"line":221,"column":13}},"type":"if","locations":[{"start":{"line":219,"column":12},"end":{"line":221,"column":13}},{"start":{},"end":{}}],"line":219},"8":{"loc":{"start":{"line":228,"column":12},"end":{"line":230,"column":13}},"type":"if","locations":[{"start":{"line":228,"column":12},"end":{"line":230,"column":13}},{"start":{},"end":{}}],"line":228},"9":{"loc":{"start":{"line":247,"column":12},"end":{"line":249,"column":13}},"type":"if","locations":[{"start":{"line":247,"column":12},"end":{"line":249,"column":13}},{"start":{},"end":{}}],"line":247},"10":{"loc":{"start":{"line":253,"column":12},"end":{"line":255,"column":13}},"type":"if","locations":[{"start":{"line":253,"column":12},"end":{"line":255,"column":13}},{"start":{},"end":{}}],"line":253},"11":{"loc":{"start":{"line":262,"column":12},"end":{"line":264,"column":13}},"type":"if","locations":[{"start":{"line":262,"column":12},"end":{"line":264,"column":13}},{"start":{},"end":{}}],"line":262},"12":{"loc":{"start":{"line":271,"column":12},"end":{"line":284,"column":13}},"type":"switch","locations":[{"start":{"line":272,"column":16},"end":{"line":274,"column":26}},{"start":{"line":275,"column":16},"end":{"line":277,"column":26}},{"start":{"line":278,"column":16},"end":{"line":280,"column":26}},{"start":{"line":281,"column":16},"end":{"line":283,"column":26}}],"line":271},"13":{"loc":{"start":{"line":308,"column":12},"end":{"line":310,"column":13}},"type":"if","locations":[{"start":{"line":308,"column":12},"end":{"line":310,"column":13}},{"start":{},"end":{}}],"line":308},"14":{"loc":{"start":{"line":314,"column":12},"end":{"line":316,"column":13}},"type":"if","locations":[{"start":{"line":314,"column":12},"end":{"line":316,"column":13}},{"start":{},"end":{}}],"line":314},"15":{"loc":{"start":{"line":324,"column":12},"end":{"line":326,"column":13}},"type":"if","locations":[{"start":{"line":324,"column":12},"end":{"line":326,"column":13}},{"start":{},"end":{}}],"line":324},"16":{"loc":{"start":{"line":350,"column":12},"end":{"line":352,"column":13}},"type":"if","locations":[{"start":{"line":350,"column":12},"end":{"line":352,"column":13}},{"start":{},"end":{}}],"line":350},"17":{"loc":{"start":{"line":350,"column":16},"end":{"line":350,"column":36}},"type":"binary-expr","locations":[{"start":{"line":350,"column":16},"end":{"line":350,"column":25}},{"start":{"line":350,"column":29},"end":{"line":350,"column":36}}],"line":350},"18":{"loc":{"start":{"line":354,"column":12},"end":{"line":356,"column":15}},"type":"if","locations":[{"start":{"line":354,"column":12},"end":{"line":356,"column":15}},{"start":{},"end":{}}],"line":354},"19":{"loc":{"start":{"line":360,"column":12},"end":{"line":362,"column":13}},"type":"if","locations":[{"start":{"line":360,"column":12},"end":{"line":362,"column":13}},{"start":{},"end":{}}],"line":360},"20":{"loc":{"start":{"line":370,"column":12},"end":{"line":372,"column":13}},"type":"if","locations":[{"start":{"line":370,"column":12},"end":{"line":372,"column":13}},{"start":{},"end":{}}],"line":370},"21":{"loc":{"start":{"line":376,"column":12},"end":{"line":387,"column":9}},"type":"switch","locations":[{"start":{"line":377,"column":16},"end":{"line":380,"column":26}},{"start":{"line":381,"column":16},"end":{"line":384,"column":26}},{"start":{"line":385,"column":16},"end":{"line":386,"column":26}}],"line":376},"22":{"loc":{"start":{"line":390,"column":12},"end":{"line":390,"column":45}},"type":"if","locations":[{"start":{"line":390,"column":12},"end":{"line":390,"column":45}},{"start":{},"end":{}}],"line":390},"23":{"loc":{"start":{"line":397,"column":32},"end":{"line":397,"column":277}},"type":"cond-expr","locations":[{"start":{"line":397,"column":44},"end":{"line":397,"column":188}},{"start":{"line":397,"column":191},"end":{"line":397,"column":277}}],"line":397},"24":{"loc":{"start":{"line":399,"column":12},"end":{"line":401,"column":13}},"type":"if","locations":[{"start":{"line":399,"column":12},"end":{"line":401,"column":13}},{"start":{},"end":{}}],"line":399},"25":{"loc":{"start":{"line":418,"column":12},"end":{"line":420,"column":13}},"type":"if","locations":[{"start":{"line":418,"column":12},"end":{"line":420,"column":13}},{"start":{},"end":{}}],"line":418},"26":{"loc":{"start":{"line":424,"column":12},"end":{"line":426,"column":13}},"type":"if","locations":[{"start":{"line":424,"column":12},"end":{"line":426,"column":13}},{"start":{},"end":{}}],"line":424},"27":{"loc":{"start":{"line":428,"column":12},"end":{"line":430,"column":13}},"type":"if","locations":[{"start":{"line":428,"column":12},"end":{"line":430,"column":13}},{"start":{},"end":{}}],"line":428}},"s":{"0":4,"1":4,"2":4,"3":4,"4":4,"5":4,"6":4,"7":4,"8":4,"9":2,"10":2,"11":2,"12":1,"13":1,"14":1,"15":1,"16":3,"17":3,"18":2,"19":1,"20":1,"21":1,"22":1,"23":1,"24":1,"25":2,"26":2,"27":3,"28":3,"29":3,"30":3,"31":3,"32":2,"33":1,"34":1,"35":1,"36":1,"37":1,"38":1,"39":1,"40":1,"41":1,"42":1,"43":1,"44":2,"45":2,"46":3,"47":3,"48":3,"49":3,"50":3,"51":2,"52":2,"53":2,"54":2,"55":1,"56":1,"57":1,"58":2,"59":2,"60":2,"61":3,"62":3,"63":3,"64":2,"65":2,"66":2,"67":2,"68":1,"69":1,"70":1,"71":1,"72":1,"73":1,"74":1,"75":2,"76":1,"77":1,"78":5,"79":5,"80":5,"81":1,"82":4,"83":4,"84":1,"85":3,"86":2,"87":1,"88":1,"89":1,"90":1,"91":4,"92":4,"93":6,"94":6,"95":6,"96":1,"97":5,"98":5,"99":1,"100":4,"101":3,"102":1,"103":2,"104":2,"105":2,"106":2,"107":2,"108":0,"109":0,"110":0,"111":0,"112":0,"113":0,"114":2,"115":2,"116":2,"117":2,"118":2,"119":4,"120":4,"121":5,"122":5,"123":5,"124":1,"125":4,"126":4,"127":1,"128":3,"129":2,"130":1,"131":1,"132":1,"133":1,"134":4,"135":4,"136":4,"137":4,"138":4,"139":4,"140":1,"141":3,"142":0,"143":3,"144":2,"145":3,"146":1,"147":2,"148":2,"149":2,"150":2,"151":0,"152":2,"153":2,"154":2,"155":2,"156":2,"157":0,"158":0,"159":0,"160":0,"161":2,"162":2,"163":1,"164":2,"165":2,"166":2,"167":2,"168":1,"169":2,"170":2,"171":2,"172":5,"173":5,"174":5,"175":1,"176":4,"177":3,"178":4,"179":1,"180":3,"181":1,"182":2,"183":2,"184":2,"185":2,"186":1,"187":1,"188":4,"189":4,"190":4},"f":{"0":2,"1":3,"2":3,"3":3,"4":3,"5":1,"6":1,"7":1,"8":1,"9":1,"10":1,"11":1,"12":5,"13":6,"14":5,"15":4,"16":2,"17":5,"18":3,"19":2},"b":{"0":[1,1],"1":[0],"2":[0],"3":[0],"4":[1,1],"5":[1,1],"6":[1,4],"7":[1,3],"8":[1,1],"9":[1,5],"10":[1,4],"11":[1,2],"12":[2,0,0,0],"13":[1,4],"14":[1,3],"15":[1,1],"16":[1,3],"17":[4,3],"18":[0,3],"19":[1,2],"20":[0,2],"21":[2,0,0],"22":[1,1],"23":[2,0],"24":[1,1],"25":[1,4],"26":[1,3],"27":[1,2]},"_coverageSchema":"1a1c01bbd47fc00a2c39e90264f33305004495a9","hash":"55c05b80ba9f26b4fbb89c5bf15892386682ece4"}
[...]
art":{"line":31,"column":27},"end":{"line":34,"column":13}},"17":{"start":{"line":35,"column":12},"end":{"line":35,"column":58}},"18":{"start":{"line":37,"column":12},"end":{"line":37,"column":26}},"19":{"start":{"line":39,"column":12},"end":{"line":39,"column":59}},"20":{"start":{"line":40,"column":12},"end":{"line":40,"column":24}},"21":{"start":{"line":42,"column":12},"end":{"line":42,"column":33}},"22":{"start":{"line":47,"column":8},"end":{"line":89,"column":9}},"23":{"start":{"line":48,"column":30},"end":{"line":48,"column":76}},"24":{"start":{"line":50,"column":32},"end":{"line":50,"column":85}},"25":{"start":{"line":52,"column":12},"end":{"line":54,"column":13}},"26":{"start":{"line":53,"column":16},"end":{"line":53,"column":28}},"27":{"start":{"line":56,"column":33},"end":{"line":56,"column":129}},"28":{"start":{"line":57,"column":12},"end":{"line":59,"column":13}},"29":{"start":{"line":58,"column":16},"end":{"line":58,"column":28}},"30":{"start":{"line":61,"column":31},"end":{"line":61,"column":44}},"31":{"start":{"line":64,"column":33},"end":{"line":67,"column":49}},"32":{"start":{"line":70,"column":27},"end":{"line":77,"column":14}},"33":{"start":{"line":70,"column":55},"end":{"line":77,"column":13}},"34":{"start":{"line":79,"column":12},"end":{"line":84,"column":14}},"35":{"start":{"line":87,"column":12},"end":{"line":87,"column":64}},"36":{"start":{"line":88,"column":12},"end":{"line":88,"column":24}},"37":{"start":{"line":94,"column":27},"end":{"line":94,"column":53}},"38":{"start":{"line":95,"column":8},"end":{"line":136,"column":9}},"39":{"start":{"line":96,"column":12},"end":{"line":96,"column":48}},"40":{"start":{"line":99,"column":27},"end":{"line":99,"column":133}},"41":{"start":{"line":101,"column":32},"end":{"line":101,"column":75}},"42":{"start":{"line":102,"column":12},"end":{"line":104,"column":13}},"43":{"start":{"line":103,"column":16},"end":{"line":103,"column":63}},"44":{"start":{"line":107,"column":12},"end":{"line":110,"column":14}},"45":{"start":{"line":113,"column":12},"end":{"line":113,"column":93}},"46":{"start":{"line":114,"column":12},"end":{"line":119,"column":13}},"47":{"start":{"line":115,"column":16},"end":{"line":118,"column":18}},"48":{"start":{"line":121,"column":12},"end":{"line":121,"column":38}},"49":{"start":{"line":124,"column":12},"end":{"line":129,"column":14}},"50":{"start":{"line":131,"column":12},"end":{"line":131,"column":40}},"51":{"start":{"line":132,"column":12},"end":{"line":132,"column":59}},"52":{"start":{"line":133,"column":12},"end":{"line":133,"column":24}},"53":{"start":{"line":135,"column":12},"end":{"line":135,"column":33}},"54":{"start":{"line":141,"column":27},"end":{"line":141,"column":53}},"55":{"start":{"line":142,"column":8},"end":{"line":159,"column":9}},"56":{"start":{"line":143,"column":12},"end":{"line":143,"column":48}},"57":{"start":{"line":145,"column":12},"end":{"line":145,"column":93}},"58":{"start":{"line":147,"column":12},"end":{"line":147,"column":87}},"59":{"start":{"line":149,"column":12},"end":{"line":149,"column":55}},"60":{"start":{"line":151,"column":12},"end":{"line":151,"column":38}},"61":{"start":{"line":152,"column":12},"end":{"line":152,"column":24}},"62":{"start":{"line":154,"column":12},"end":{"line":154,"column":40}},"63":{"start":{"line":155,"column":12},"end":{"line":155,"column":59}},"64":{"start":{"line":156,"column":12},"end":{"line":156,"column":24}},"65":{"start":{"line":158,"column":12},"end":{"line":158,"column":33}},"66":{"start":{"line":163,"column":27},"end":{"line":163,"column":53}},"67":{"start":{"line":164,"column":8},"end":{"line":213,"column":9}},"68":{"start":{"line":166,"column":31},"end":{"line":166,"column":72}},"69":{"start":{"line":169,"column":34},"end":{"line":169,"column":107}},"70":{"start":{"line":172,"column":33},"end":{"line":176,"column":14}},"71":{"start":{"line":179,"column":30},"end":{"line":192,"column":18}},"72":{"start":{"line":180,"column":16},"end":{"line":182,"column":17}},"73":{"start":{"line":181,"column":20},"end":{"line":181,"column":52}},"74":{"start":{"line":183,"column":16},"end":{"line":190,"column":19}},"75":{"start":{"line":191,"column":16},"end":{"line":191,"column":27}},"76":{"start":{"line":195,"column":28},"end":{"line":205,"column":18}},"77":{"start":{"line":196,"column":37},"end":{"line":196,"column":101}},"78":{"start":{"line":196,"column":64},"end":{"line":196,"column":100}},"79":{"start":{"line":198,"column":39},"end":{"line":198,"column":103}},"80":{"start":{"line":198,"column":66},"end":{"line":198,"column":102}},"81":{"start":{"line":199,"column":20},"end":{"line":204,"column":22}},"82":{"start":{"line":207,"column":12},"end":{"line":207,"column":27}},"83":{"start":{"line":209,"column":12},"end":{"line":209,"column":64}},"84":{"start":{"line":210,"column":12},"end":{"line":210,"column":24}},"85":{"start":{"line":212,"column":12},"end":{"line":212,"column":33}},"86":{"start":{"line":220,"column":8},"end":{"line":256,"column":9}},"87":{"start":{"line":221,"column":27},"end":{"line":221,"column":73}},"88":{"start":{"line":222,"column":26},"end":{"line":222,"column":69}},"89":{"start":{"line":224,"column":12},"end":{"line":226,"column":13}},"90":{"start":{"line":225,"column":16},"end":{"line":225,"column":52}},"91":{"start":{"line":228,"column":12},"end":{"line":230,"column":13}},"92":{"start":{"line":229,"column":16},"end":{"line":229,"column":51}},"93":{"start":{"line":234,"column":27},"end":{"line":237,"column":13}},"94":{"start":{"line":239,"column":12},"end":{"line":241,"column":13}},"95":{"start":{"line":240,"column":16},"end":{"line":240,"column":73}},"96":{"start":{"line":244,"column":12},"end":{"line":247,"column":14}},"97":{"start":{"line":250,"column":12},"end":{"line":250,"column":38}},"98":{"start":{"line":252,"column":12},"end":{"line":252,"column":26}},"99":{"start":{"line":254,"column":12},"end":{"line":254,"column":70}},"100":{"start":{"line":255,"column":12},"end":{"line":255,"column":24}},"101":{"start":{"line":260,"column":27},"end":{"line":260,"column":53}},"102":{"start":{"line":261,"column":8},"end":{"line":326,"column":9}},"103":{"start":{"line":263,"column":27},"end":{"line":263,"column":75}},"104":{"start":{"line":264,"column":26},"end":{"line":264,"column":69}},"105":{"start":{"line":266,"column":12},"end":{"line":268,"column":13}},"106":{"start":{"line":267,"column":16},"end":{"line":267,"column":61}},"107":{"start":{"line":270,"column":32},"end":{"line":270,"column":73}},"108":{"start":{"line":270,"column":56},"end":{"line":270,"column":72}},"109":{"start":{"line":272,"column":12},"end":{"line":274,"column":13}},"110":{"start":{"line":273,"column":16},"end":{"line":273,"column":86}},"111":{"start":{"line":277,"column":12},"end":{"line":279,"column":13}},"112":{"start":{"line":278,"column":16},"end":{"line":278,"column":69}},"113":{"start":{"line":281,"column":30},"end":{"line":281,"column":42}},"114":{"start":{"line":284,"column":12},"end":{"line":287,"column":13}},"115":{"start":{"line":286,"column":16},"end":{"line":286,"column":46}},"116":{"start":{"line":290,"column":27},"end":{"line":290,"column":79}},"117":{"start":{"line":291,"column":12},"end":{"line":293,"column":13}},"118":{"start":{"line":292,"column":16},"end":{"line":292,"column":52}},"119":{"start":{"line":295,"column":12},"end":{"line":295,"column":37}},"120":{"start":{"line":296,"column":12},"end":{"line":298,"column":13}},"121":{"start":{"line":297,"column":16},"end":{"line":297,"column":30}},"122":{"start":{"line":301,"column":27},"end":{"line":301,"column":42}},"123":{"start":{"line":304,"column":12},"end":{"line":304,"column":104}},"124":{"start":{"line":307,"column":12},"end":{"line":307,"column":42}},"125":{"start":{"line":308,"column":12},"end":{"line":308,"column":49}},"126":{"start":{"line":308,"column":33},"end":{"line":308,"column":49}},"127":{"start":{"line":310,"column":12},"end":{"line":310,"column":115}},"128":{"start":{"line":312,"column":12},"end":{"line":312,"column":38}},"129":{"start":{"line":315,"column":26},"end":{"line":315,"column":110}},"130":{"start":{"line":317,"column":12},"end":{"line":319,"column":13}},"131":{"start":{"line":318,"column":16},"end":{"line":318,"column":65}},"132":{"start":{"line":321,"column":12},"end":{"line":321,"column":31}},"133":{"start":{"line":324,"column":12},"end":{"line":324,"column":64}},"134":{"start":{"line":325,"column":12},"end":{"line":325,"column":24}},"135":{"start":{"line":330,"column":8},"end":{"line":361,"column":9}},"136":{"start":{"line":331,"column":27},"end":{"line":331,"column":73}},"137":{"start":{"line":333,"column":12},"end":{"line":335,"column":13}},"138":{"start":{"line":334,"column":16},"end":{"line":334,"column":52}},"139":{"start":{"line":337,"column":31},"end":{"line":337,"column":88}},"140":{"start":{"line":337,"column":61},"end":{"line":337,"column":87}},"141":{"start":{"line":339,"column":12},"end":{"line":341,"column":13}},"142":{"start":{"line":340,"column":16},"end":{"line":340,"column":61}},"143":{"start":{"line":343,"column":12},"end":{"line":345,"column":13}},"144":{"start":{"line":344,"column":16},"end":{"line":344,"column":73}},"145":{"start":{"line":347,"column":12},"end":{"line":347,"column":97}},"146":{"start":{"line":350,"column":12},"end":{"line":350,"column":84}},"147":{"start":{"line":350,"column":61},"end":{"line":350,"column":82}},"148":{"start":{"line":352,"column":12},"end":{"line":352,"column":109}},"149":{"start":{"line":355,"column":12},"end":{"line":355,"column":124}},"150":{"start":{"line":357,"column":12},"end":{"line":357,"column":26}},"151":{"start":{"line":359,"column":12},"end":{"line":359,"column":65}},"152":{"start":{"line":360,"column":12},"end":{"line":360,"column":24}},"153":{"start":{"line":367,"column":0},"end":{"line":367,"column":31}}},"fnMap":{"0":{"name":"(anonymous_0)","decl":{"start":{"line":9,"column":4},"end":{"line":9,"column":5}},"loc":{"start":{"line":9,"column":99},"end":{"line":44,"column":5}},"line":9},"1":{"name":"(anonymous_1)","decl":{"start":{"line":46,"column":4},"end":{"line":46,"column":5}},"loc":{"start":{"line":46,"column":38},"end":{"line":90,"column":5}},"line":46},"2":{"name":"(anonymous_2)","decl":{"start":{"line":70,"column":42},"end":{"line":70,"column":43}},"loc":{"start":{"line":70,"column":55},"end":{"line":77,"column":13}},"line":70},"3":{"name":"(anonymous_3)","decl":{"start":{"line":93,"column":4},"end":{"line":93,"column":5}},"loc":{"start":{"line":93,"column":121},"end":{"line":137,"column":5}},"line":93},"4":{"name":"(anonymous_4)","decl":{"start":{"line":140,"column":4},"end":{"line":140,"column":5}},"loc":{"start":{"line":140,"column":34},"end":{"line":160,"column":5}},"line":140},"5":{"name":"(anonymous_5)","decl":{"start":{"line":162,"column":4},"end":{"line":162,"column":5}},"loc":{"start":{"line":162,"column":33},"end":{"line":214,"column":5}},"line":162},"6":{"name":"(anonymous_6)","decl":{"start":{"line":179,"column":48},"end":{"line":179,"column":49}},"loc":{"start":{"line":179,"column":67},"end":{"line":192,"column":13}},"line":179},"7":{"name":"(anonymous_7)","decl":{"start":{"line":196,"column":24},"end":{"line":196,"column":25}},"loc":{"start":{"line":196,"column":37},"end":{"line":196,"column":101}},"line":196},"8":{"name":"(anonymous_8)","decl":{"start":{"line":196,"column":54},"end":{"line":196,"column":55}},"loc":{"start":{"line":196,"column":64},"end":{"line":196,"column":100}},"line":196},"9":{"name":"(anonymous_9)","decl":{"start":{"line":197,"column":21},"end":{"line":197,"column":22}},"loc":{"start":{"line":197,"column":34},"end":{"line":205,"column":17}},"line":197},"10":{"name":"(anonymous_10)","decl":{"start":{"line":198,"column":56},"end":{"line":198,"column":57}},"loc":{"start":{"line":198,"column":66},"end":{"line":198,"column":102}},"line":198},"11":{"name":"(anonymous_11)","decl":{"start":{"line":219,"column":4},"end":{"line":219,"column":5}},"loc":{"start":{"line":219,"column":45},"end":{"line":257,"column":5}},"line":219},"12":{"name":"(anonymous_12)","decl":{"start":{"line":259,"column":4},"end":{"line":259,"column":5}},"loc":{"start":{"line":259,"column":58},"end":{"line":327,"column":5}},"line":259},"13":{"name":"(anonymous_13)","decl":{"start":{"line":270,"column":51},"end":{"line":270,"column":52}},"loc":{"start":{"line":270,"column":56},"end":{"line":270,"column":72}},"line":270},"14":{"name":"(anonymous_14)","decl":{"start":{"line":329,"column":4},"end":{"line":329,"column":5}},"loc":{"start":{"line":329,"column":39},"end":{"line":362,"column":5}},"line":329},"15":{"name":"(anonymous_15)","decl":{"start":{"line":337,"column":51},"end":{"line":337,"column":52}},"loc":{"start":{"line":337,"column":61},"end":{"line":337,"column":87}},"line":337},"16":{"name":"(anonymous_16)","decl":{"start":{"line":350,"column":51},"end":{"line":350,"column":52}},"loc":{"start":{"line":350,"column":61},"end":{"line":350,"column":82}},"line":350}},"branchMap":{"0":{"loc":{"start":{"line":9,"column":68},"end":{"line":9,"column":79}},"type":"default-arg","locations":[{"start":{"line":9,"column":75},"end":{"line":9,"column":79}}],"line":9},"1":{"loc":{"start":{"line":9,"column":81},"end":{"line":9,"column":95}},"type":"default-arg","locations":[{"start":{"line":9,"column":91},"end":{"line":9,"column":95}}],"line":9},"2":{"loc":{"start":{"line":14,"column":12},"end":{"line":16,"column":13}},"type":"if","locations":[{"start":{"line":14,"column":12},"end":{"line":16,"column":13}},{"start":{},"end":{}}],"line":14},"3":{"loc":{"start":{"line":20,"column":12},"end":{"line":22,"column":13}},"type":"if","locations":[{"start":{"line":20,"column":12},"end":{"line":22,"column":13}},{"start":{},"end":{}}],"line":20},"4":{"loc":{"start":{"line":52,"column":12},"end":{"line":54,"column":13}},"type":"if","locations":[{"start":{"line":52,"column":12},"end":{"line":54,"column":13}},{"start":{},"end":{}}],"line":52},"5":{"loc":{"start":{"line":52,"column":16},"end":{"line":52,"column":73}},"type":"binary-expr","locations":[{"start":{"line":52,"column":16},"end":{"line":52,"column":26}},{"start":{"line":52,"column":30},"end":{"line":52,"column":73}}],"line":52},"6":{"loc":{"start":{"line":57,"column":12},"end":{"line":59,"column":13}},"type":"if","locations":[{"start":{"line":57,"column":12},"end":{"line":59,"column":13}},{"start":{},"end":{}}],"line":57},"7":{"loc":{"start":{"line":102,"column":12},"end":{"line":104,"column":13}},"type":"if","locations":[{"start":{"line":102,"column":12},"end":{"line":104,"column":13}},{"start":{},"end":{}}],"line":102},"8":{"loc":{"start":{"line":102,"column":16},"end":{"line":102,"column":75}},"type":"binary-expr","locations":[{"start":{"line":102,"column":16},"end":{"line":102,"column":28}},{"start":{"line":102,"column":32},"end":{"line":102,"column":75}}],"line":102},"9":{"loc":{"start":{"line":180,"column":16},"end":{"line":182,"column":17}},"type":"if","locations":[{"start":{"line":180,"column":16},"end":{"line":182,"column":17}},{"start":{},"end":{}}],"line":180},"10":{"loc":{"start":{"line":203,"column":32},"end":{"line":203,"column":61}},"type":"binary-expr","locations":[{"start":{"line":203,"column":32},"end":{"line":203,"column":55}},{"start":{"line":203,"column":59},"end":{"line":203,"column":61}}],"line":203},"11":{"loc":{"start":{"line":224,"column":12},"end":{"line":226,"column":13}},"type":"if","locations":[{"start":{"line":224,"column":12},"end":{"line":226,"column":13}},{"start":{},"end":{}}],"line":224},"12":{"loc":{"start":{"line":228,"column":12},"end":{"line":230,"column":13}},"type":"if","locations":[{"start":{"line":228,"column":12},"end":{"line":230,"column":13}},{"start":{},"end":{}}],"line":228},"13":{"loc":{"start":{"line":239,"column":12},"end":{"line":241,"column":13}},"type":"if","locations":[{"start":{"line":239,"column":12},"end":{"line":241,"column":13}},{"start":{},"end":{}}],"line":239},"14":{"loc":{"start":{"line":266,"column":12},"end":{"line":268,"column":13}},"type":"if","locations":[{"start":{"line":266,"column":12},"end":{"line":268,"column":13}},{"start":{},"end":{}}],"line":266},"15":{"loc":{"start":{"line":266,"column":16},"end":{"line":266,"column":33}},"type":"binary-expr","locations":[{"start":{"line":266,"column":16},"end":{"line":266,"column":23}},{"start":{"line":266,"column":27},"end":{"line":266,"column":33}}],"line":266},"16":{"loc":{"start":{"line":272,"column":12},"end":{"line":274,"column":13}},"type":"if","locations":[{"start":{"line":272,"column":12},"end":{"line":274,"column":13}},{"start":{},"end":{}}],"line":272},"17":{"loc":{"start":{"line":277,"column":12},"end":{"line":279,"column":13}},"type":"if","locations":[{"start":{"line":277,"column":12},"end":{"line":279,"column":13}},{"start":{},"end":{}}],"line":277},"18":{"loc":{"start":{"line":284,"column":12},"end":{"line":287,"column":13}},"type":"if","locations":[{"start":{"line":284,"column":12},"end":{"line":287,"column":13}},{"start":{},"end":{}}],"line":284},"19":{"loc":{"start":{"line":291,"column":12},"end":{"line":293,"column":13}},"type":"if","locations":[{"start":{"line":291,"column":12},"end":{"line":293,"column":13}},{"start":{},"end":{}}],"line":291},"20":{"loc":{"start":{"line":296,"column":12},"end":{"line":298,"column":13}},"type":"if","locations":[{"start":{"line":296,"column":12},"end":{"line":298,"column":13}},{"start":{},"end":{}}],"line":296},"21":{"loc":{"start":{"line":308,"column":12},"end":{"line":308,"column":49}},"type":"if","locations":[{"start":{"line":308,"column":12},"end":{"line":308,"column":49}},{"start":{},"end":{}}],"line":308},"22":{"loc":{"start":{"line":317,"column":12},"end":{"line":319,"column":13}},"type":"if","locations":[{"start":{"line":317,"column":12},"end":{"line":319,"column":13}},{"start":{},"end":{}}],"line":317},"23":{"loc":{"start":{"line":333,"column":12},"end":{"line":335,"column":13}},"type":"if","locations":[{"start":{"line":333,"column":12},"end":{"line":335,"column":13}},{"start":{},"end":{}}],"line":333},"24":{"loc":{"start":{"line":339,"column":12},"end":{"line":341,"column":13}},"type":"if","locations":[{"start":{"line":339,"column":12},"end":{"line":341,"column":13}},{"start":{},"end":{}}],"line":339},"25":{"loc":{"start":{"line":343,"column":12},"end":{"line":345,"column":13}},"type":"if","locations":[{"start":{"line":343,"column":12},"end":{"line":345,"column":13}},{"start":{},"end":{}}],"line":343}},"s":{"0":2,"1":2,"2":2,"3":2,"4":2,"5":2,"6":2,"7":2,"8":2,"9":2,"10":1,"11":1,"12":1,"13":0,"14":1,"15":1,"16":1,"17":1,"18":1,"19":1,"20":1,"21":2,"22":4,"23":4,"24":4,"25":4,"26":0,"27":4,"28":4,"29":2,"30":2,"31":2,"32":2,"33":2,"34":2,"35":0,"36":0,"37":2,"38":2,"39":2,"40":2,"41":2,"42":2,"43":1,"44":1,"45":1,"46":1,"47":1,"48":1,"49":1,"50":1,"51":1,"52":1,"53":2,"54":1,"55":1,"56":1,"57":1,"58":1,"59":1,"60":1,"61":1,"62":0,"63":0,"64":0,"65":1,"66":0,"67":0,"68":0,"69":0,"70":0,"71":0,"72":0,"73":0,"74":0,"75":0,"76":0,"77":0,"78":0,"79":0,"80":0,"81":0,"82":0,"83":0,"84":0,"85":0,"86":2,"87":2,"88":2,"89":2,"90":0,"91":2,"92":0,"93":2,"94":2,"95":1,"96":1,"97":1,"98":1,"99":1,"100":1,"101":2,"102":2,"103":2,"104":2,"105":2,"106":0,"107":2,"108":2,"109":2,"110":0,"111":2,"112":1,"113":1,"114":1,"115":0,"116":1,"117":1,"118":0,"119":1,"120":1,"121":0,"122":1,"123":1,"124":1,"125":1,"126":0,"127":1,"128":1,"129":1,"130":1,"131":1,"132":1,"133":1,"134":1,"135":3,"136":3,"137":3,"138":0,"139":3,"140":2,"141":3,"142":1,"143":2,"144":1,"145":1,"146":1,"147":1,"148":1,"149":1,"150":1,"151":2,"152":2,"153":2},"f":{"0":2,"1":4,"2":2,"3":2,"4":1,"5":0,"6":0,"7":0,"8":0,"9":0,"10":0,"11":2,"12":2,"13":2,"14":3,"15":2,"16":1},"b":{"0":[1],"1":[1],"2":[1,1],"3":[0,1],"4":[0,4],"5":[4,4],"6":[2,2],"7":[1,1],"8":[2,2],"9":[0,0],"10":[0,0],"11":[0,2],"12":[0,2],"13":[1,1],"14":[0,2],"15":[2,2],"16":[0,2],"17":[1,1],"18":[0,1],"19":[0,1],"20":[0,1],"21":[0,1],"22":[1,0],"23":[0,3],"24":[1,2],"25":[1,1]},"_coverageSchema":"1a1c01bbd47fc00a2c39e90264f33305004495a9","hash":"34b0f77f29039d25f9214353aab180a210dde57f"}
}
