TN:
SF:src/models/Character.js
FN:16,(anonymous_0)
FNF:1
FNH:1
FNDA:3,(anonymous_0)
DA:1,5
DA:17,3
DA:18,3
DA:19,3
DA:20,3
DA:21,3
DA:22,3
DA:23,3
DA:24,3
DA:25,3
DA:26,3
DA:31,5
LF:12
LH:12
BRDA:16,0,0,2
BRDA:16,1,0,0
BRDA:16,2,0,0
BRDA:16,3,0,0
BRDA:16,4,0,0
BRDA:16,5,0,0
BRDA:16,6,0,0
BRF:7
BRH:1
end_of_record
TN:
SF:src/models/Class.js
FN:10,(anonymous_0)
FNF:1
FNH:0
FNDA:0,(anonymous_0)
DA:1,5
DA:11,0
DA:12,0
DA:13,0
DA:14,0
DA:21,0
DA:22,0
DA:23,0
DA:29,5
LF:9
LH:2
BRDA:10,0,0,0
BRDA:10,1,0,0
BRDA:15,2,0,0
BRDA:15,2,1,0
BRDA:16,3,0,0
BRDA:16,3,1,0
BRDA:17,4,0,0
BRDA:17,4,1,0
BRDA:18,5,0,0
BRDA:18,5,1,0
BRDA:22,6,0,0
BRDA:22,6,1,0
BRF:12
BRH:0
end_of_record
TN:
SF:src/models/Gear.js
FN:4,(anonymous_0)
FNF:1
FNH:0
FNDA:0,(anonymous_0)
DA:1,6
DA:5,0
DA:6,0
DA:7,0
DA:8,0
DA:12,6
LF:6
LH:2
BRDA:4,0,0,0
BRF:1
BRH:0
end_of_record
TN:
SF:src/models/Potion.js
FN:9,(anonymous_0)
FNF:1
FNH:0
FNDA:0,(anonymous_0)
DA:1,6
DA:10,0
DA:11,0
DA:12,0
DA:13,0
DA:17,6
LF:6
LH:2
BRDA:9,0,0,0
BRF:1
BRH:0
end_of_record
TN:
SF:src/models/Spell.js
FN:13,(anonymous_0)
FNF:1
FNH:1
FNDA:2,(anonymous_0)
DA:1,4
DA:14,2
DA:15,2
DA:16,2
DA:17,2
DA:18,2
DA:19,2
DA:23,4
LF:8
LH:8
BRDA:13,0,0,0
BRDA:13,1,0,0
BRDA:13,2,0,0
BRF:3
BRH:0
end_of_record
TN:
SF:src/models/User.js
FN:5,(anonymous_0)
FN:12,(anonymous_1)
FNF:2
FNH:1
FNDA:4,(anonymous_0)
FNDA:0,(anonymous_1)
DA:1,2
DA:2,2
DA:6,4
DA:7,4
DA:8,4
DA:9,4
DA:13,0
DA:17,2
LF:8
LH:7
BRDA:5,0,0,0
BRDA:5,1,0,0
BRF:2
BRH:0
end_of_record
TN:
SF:src/models/Weapon.js
FN:4,(anonymous_0)
FNF:1
FNH:0
FNDA:0,(anonymous_0)
DA:1,6
DA:5,0
DA:6,0
DA:7,0
DA:8,0
DA:13,6
LF:6
LH:2
BRDA:4,0,0,0
BRF:1
BRH:0
end_of_record
TN:
SF:src/models/Wizard.js
FN:18,(anonymous_0)
FNF:1
FNH:1
FNDA:1,(anonymous_0)
DA:1,2
DA:19,1
DA:20,1
DA:21,1
DA:22,1
DA:26,2
LF:6
LH:6
BRDA:18,0,0,0
BRDA:18,1,0,0
BRDA:18,2,0,0
BRDA:18,3,0,0
BRDA:18,4,0,0
BRDA:18,5,0,0
BRDA:18,6,0,0
BRDA:18,7,0,0
BRDA:18,8,0,1
BRF:9
BRH:1
end_of_record
TN:
SF:src/routes/AuthRouter.js
FN:7,(anonymous_0)
FN:17,(anonymous_1)
FN:31,(anonymous_2)
FNF:3
FNH:3
FNDA:2,(anonymous_0)
FNDA:3,(anonymous_1)
FNDA:1,(anonymous_2)
DA:1,1
DA:2,1
DA:3,1
DA:4,1
DA:5,1
DA:7,1
DA:8,2
DA:9,2
DA:10,2
DA:11,1
DA:13,1
DA:17,1
DA:18,3
DA:19,3
DA:20,3
DA:21,2
DA:22,1
DA:24,1
DA:25,1
DA:27,1
DA:31,1
DA:32,1
DA:35,1
LF:23
LH:23
BRDA:21,0,0,1
BRDA:21,0,1,1
BRDA:21,1,0,2
BRDA:21,1,1,2
BRF:4
BRH:4
end_of_record
TN:
SF:src/routes/CharacterRouter.js
FN:6,(anonymous_0)
FN:15,(anonymous_1)
FN:29,(anonymous_2)
FN:42,(anonymous_3)
FN:55,(anonymous_4)
FN:64,(anonymous_5)
FN:74,(anonymous_6)
FN:83,(anonymous_7)
FN:92,(anonymous_8)
FN:101,(anonymous_9)
FNF:10
FNH:10
FNDA:1,(anonymous_0)
FNDA:2,(anonymous_1)
FNDA:2,(anonymous_2)
FNDA:2,(anonymous_3)
FNDA:1,(anonymous_4)
FNDA:1,(anonymous_5)
FNDA:1,(anonymous_6)
FNDA:1,(anonymous_7)
FNDA:1,(anonymous_8)
FNDA:1,(anonymous_9)
DA:1,1
DA:2,1
DA:3,1
DA:6,1
DA:7,1
DA:8,1
DA:9,1
DA:11,0
DA:15,1
DA:16,2
DA:17,2
DA:18,2
DA:19,1
DA:21,1
DA:24,0
DA:25,0
DA:29,1
DA:30,2
DA:31,2
DA:32,2
DA:33,1
DA:35,1
DA:38,0
DA:42,1
DA:43,2
DA:44,2
DA:45,2
DA:46,1
DA:48,1
DA:51,0
DA:55,1
DA:56,1
DA:57,1
DA:58,1
DA:60,0
DA:64,1
DA:65,1
DA:66,1
DA:67,1
DA:68,1
DA:70,0
DA:74,1
DA:75,1
DA:76,1
DA:77,1
DA:79,0
DA:83,1
DA:84,1
DA:85,1
DA:86,1
DA:88,0
DA:92,1
DA:93,1
DA:94,1
DA:95,1
DA:97,0
DA:101,1
DA:102,1
DA:103,1
DA:104,1
DA:106,0
DA:110,1
LF:62
LH:51
BRDA:18,0,0,1
BRDA:18,0,1,1
BRDA:32,1,0,1
BRDA:32,1,1,1
BRDA:45,2,0,1
BRDA:45,2,1,1
BRF:6
BRH:6
end_of_record
TN:
SF:src/routes/ClassRouter.js
FN:6,(anonymous_0)
FN:16,(anonymous_1)
FN:26,(anonymous_2)
FN:39,(anonymous_3)
FN:52,(anonymous_4)
FNF:5
FNH:5
FNDA:1,(anonymous_0)
FNDA:1,(anonymous_1)
FNDA:2,(anonymous_2)
FNDA:2,(anonymous_3)
FNDA:2,(anonymous_4)
DA:1,1
DA:2,1
DA:3,1
DA:6,1
DA:7,1
DA:8,1
DA:9,1
DA:11,0
DA:16,1
DA:17,1
DA:18,1
DA:19,1
DA:21,0
DA:26,1
DA:27,2
DA:28,2
DA:29,2
DA:30,1
DA:32,1
DA:34,0
DA:39,1
DA:40,2
DA:41,2
DA:42,2
DA:43,1
DA:45,1
DA:47,0
DA:52,1
DA:53,2
DA:54,2
DA:55,2
DA:56,1
DA:58,1
DA:60,0
DA:64,1
LF:35
LH:30
BRDA:29,0,0,1
BRDA:29,0,1,1
BRDA:42,1,0,1
BRDA:42,1,1,1
BRDA:55,2,0,1
BRDA:55,2,1,1
BRF:6
BRH:6
end_of_record
TN:
SF:src/routes/GearRouter.js
FN:6,(anonymous_0)
FN:15,(anonymous_1)
FN:29,(anonymous_2)
FN:42,(anonymous_3)
FN:55,(anonymous_4)
FNF:5
FNH:5
FNDA:1,(anonymous_0)
FNDA:2,(anonymous_1)
FNDA:2,(anonymous_2)
FNDA:2,(anonymous_3)
FNDA:1,(anonymous_4)
DA:1,1
DA:2,1
DA:3,1
DA:6,1
DA:7,1
DA:8,1
DA:9,1
DA:11,0
DA:15,1
DA:16,2
DA:17,2
DA:18,2
DA:19,1
DA:21,1
DA:24,0
DA:25,0
DA:29,1
DA:30,2
DA:31,2
DA:32,2
DA:33,1
DA:35,1
DA:38,0
DA:42,1
DA:43,2
DA:44,2
DA:45,2
DA:46,1
DA:48,1
DA:51,0
DA:55,1
DA:56,1
DA:57,1
DA:58,1
DA:60,0
DA:66,1
LF:36
LH:30
BRDA:18,0,0,1
BRDA:18,0,1,1
BRDA:32,1,0,1
BRDA:32,1,1,1
BRDA:45,2,0,1
BRDA:45,2,1,1
BRF:6
BRH:6
end_of_record
TN:
SF:src/routes/PotionRouter.js
FN:6,(anonymous_0)
FN:15,(anonymous_1)
FN:29,(anonymous_2)
FN:42,(anonymous_3)
FN:55,(anonymous_4)
FNF:5
FNH:5
FNDA:1,(anonymous_0)
FNDA:2,(anonymous_1)
FNDA:2,(anonymous_2)
FNDA:2,(anonymous_3)
FNDA:1,(anonymous_4)
DA:1,1
DA:2,1
DA:3,1
DA:6,1
DA:7,1
DA:8,1
DA:9,1
DA:11,0
DA:15,1
DA:16,2
DA:17,2
DA:18,2
DA:19,1
DA:21,1
DA:24,0
DA:25,0
DA:29,1
DA:30,2
DA:31,2
DA:32,2
DA:33,1
DA:35,1
DA:38,0
DA:42,1
DA:43,2
DA:44,2
DA:45,2
DA:46,1
DA:48,1
DA:51,0
DA:55,1
DA:56,1
DA:57,1
DA:58,1
DA:60,0
DA:66,1
LF:36
LH:30
BRDA:18,0,0,1
BRDA:18,0,1,1
BRDA:32,1,0,1
BRDA:32,1,1,1
BRDA:45,2,0,1
BRDA:45,2,1,1
BRF:6
BRH:6
end_of_record
TN:
SF:src/routes/SpellRouter.js
FN:6,(anonymous_0)
FN:15,(anonymous_1)
FN:28,(anonymous_2)
FN:41,(anonymous_3)
FN:54,(anonymous_4)
FNF:5
FNH:5
FNDA:1,(anonymous_0)
FNDA:2,(anonymous_1)
FNDA:2,(anonymous_2)
FNDA:2,(anonymous_3)
FNDA:1,(anonymous_4)
DA:1,1
DA:2,1
DA:3,1
DA:6,1
DA:7,1
DA:8,1
DA:9,1
DA:11,0
DA:15,1
DA:16,2
DA:17,2
DA:18,2
DA:19,1
DA:21,1
DA:24,0
DA:28,1
DA:29,2
DA:30,2
DA:31,2
DA:32,1
DA:34,1
DA:37,0
DA:41,1
DA:42,2
DA:43,2
DA:44,2
DA:45,1
DA:47,1
DA:50,0
DA:54,1
DA:55,1
DA:56,1
DA:57,1
DA:59,0
DA:65,1
LF:35
LH:30
BRDA:18,0,0,1
BRDA:18,0,1,1
BRDA:31,1,0,1
BRDA:31,1,1,1
BRDA:44,2,0,1
BRDA:44,2,1,1
BRF:6
BRH:6
end_of_record
TN:
SF:src/routes/WeaponRouter.js
FN:6,(anonymous_0)
FN:15,(anonymous_1)
FN:29,(anonymous_2)
FN:42,(anonymous_3)
FN:55,(anonymous_4)
FNF:5
FNH:5
FNDA:1,(anonymous_0)
FNDA:2,(anonymous_1)
FNDA:2,(anonymous_2)
FNDA:2,(anonymous_3)
FNDA:1,(anonymous_4)
DA:1,1
DA:2,1
DA:3,1
DA:6,1
DA:7,1
DA:8,1
DA:9,1
DA:11,0
DA:15,1
DA:16,2
DA:17,2
DA:18,2
DA:19,1
DA:21,1
DA:24,0
DA:25,0
DA:29,1
DA:30,2
DA:31,2
DA:32,2
DA:33,1
DA:35,1
DA:38,0
DA:42,1
DA:43,2
DA:44,2
DA:45,2
DA:46,1
DA:48,1
DA:51,0
DA:55,1
DA:56,1
DA:57,1
DA:58,1
DA:60,0
DA:66,1
LF:36
LH:30
BRDA:18,0,0,1
BRDA:18,0,1,1
BRDA:32,1,0,1
BRDA:32,1,1,1
BRDA:45,2,0,1
BRDA:45,2,1,1
BRF:6
BRH:6
end_of_record
TN:
SF:src/routes/WizardRouter.js
FN:6,(anonymous_0)
FN:16,(anonymous_1)
FN:26,(anonymous_2)
FN:39,(anonymous_3)
FN:52,(anonymous_4)
FN:64,(anonymous_5)
FN:75,(anonymous_6)
FN:85,(anonymous_7)
FNF:8
FNH:8
FNDA:1,(anonymous_0)
FNDA:1,(anonymous_1)
FNDA:2,(anonymous_2)
FNDA:2,(anonymous_3)
FNDA:2,(anonymous_4)
FNDA:1,(anonymous_5)
FNDA:1,(anonymous_6)
FNDA:1,(anonymous_7)
DA:1,1
DA:2,1
DA:3,1
DA:6,1
DA:7,1
DA:8,1
DA:9,1
DA:11,0
DA:16,1
DA:17,1
DA:18,1
DA:19,1
DA:21,0
DA:26,1
DA:27,2
DA:28,2
DA:29,2
DA:30,1
DA:32,1
DA:34,0
DA:39,1
DA:40,2
DA:41,2
DA:42,2
DA:43,1
DA:45,1
DA:47,0
DA:52,1
DA:53,2
DA:54,2
DA:55,2
DA:56,1
DA:58,1
DA:60,0
DA:64,1
DA:65,1
DA:66,1
DA:67,1
DA:68,1
DA:70,0
DA:75,1
DA:76,1
DA:77,1
DA:78,1
DA:80,0
DA:85,1
DA:86,1
DA:87,1
DA:88,1
DA:89,1
DA:91,0
DA:95,1
LF:52
LH:44
BRDA:29,0,0,1
BRDA:29,0,1,1
BRDA:42,1,0,1
BRDA:42,1,1,1
BRDA:55,2,0,1
BRDA:55,2,1,1
BRF:6
BRH:6
end_of_record
TN:
SF:src/services/CharacterService.js
FN:12,(anonymous_0)
FN:29,(anonymous_1)
FN:67,(anonymous_2)
FN:123,(anonymous_3)
FN:152,(anonymous_4)
FN:174,(anonymous_5)
FN:177,(anonymous_6)
FN:177,(anonymous_7)
FN:184,(anonymous_8)
FN:184,(anonymous_9)
FN:191,(anonymous_10)
FN:191,(anonymous_11)
FN:209,(anonymous_12)
FN:243,(anonymous_13)
FN:304,(anonymous_14)
FN:344,(anonymous_15)
FN:358,(anonymous_16)
FN:414,(anonymous_17)
FN:422,(anonymous_18)
FN:435,(anonymous_19)
FNF:20
FNH:20
FNDA:2,(anonymous_0)
FNDA:3,(anonymous_1)
FNDA:3,(anonymous_2)
FNDA:3,(anonymous_3)
FNDA:3,(anonymous_4)
FNDA:1,(anonymous_5)
FNDA:1,(anonymous_6)
FNDA:1,(anonymous_7)
FNDA:1,(anonymous_8)
FNDA:1,(anonymous_9)
FNDA:1,(anonymous_10)
FNDA:1,(anonymous_11)
FNDA:5,(anonymous_12)
FNDA:6,(anonymous_13)
FNDA:5,(anonymous_14)
FNDA:4,(anonymous_15)
FNDA:2,(anonymous_16)
FNDA:5,(anonymous_17)
FNDA:3,(anonymous_18)
FNDA:2,(anonymous_19)
DA:1,4
DA:2,4
DA:3,4
DA:4,4
DA:5,4
DA:6,4
DA:7,4
DA:8,4
DA:9,4
DA:13,2
DA:15,2
DA:17,2
DA:21,1
DA:22,1
DA:24,1
DA:25,1
DA:30,3
DA:31,3
DA:32,2
DA:33,1
DA:35,1
DA:38,1
DA:44,1
DA:50,1
DA:55,1
DA:62,2
DA:63,2
DA:78,3
DA:80,3
DA:82,3
DA:83,3
DA:86,3
DA:91,2
DA:92,1
DA:96,1
DA:97,1
DA:98,1
DA:102,1
DA:103,1
DA:104,1
DA:108,1
DA:109,1
DA:110,1
DA:113,1
DA:115,2
DA:116,2
DA:118,3
DA:124,3
DA:126,3
DA:127,3
DA:129,3
DA:130,2
DA:131,2
DA:134,2
DA:136,2
DA:137,1
DA:140,1
DA:141,1
DA:143,2
DA:144,2
DA:145,2
DA:147,3
DA:153,3
DA:154,3
DA:156,2
DA:162,2
DA:168,2
DA:174,2
DA:175,1
DA:177,1
DA:184,1
DA:191,1
DA:201,2
DA:203,1
DA:204,1
DA:210,5
DA:211,5
DA:213,5
DA:214,1
DA:217,4
DA:219,4
DA:220,1
DA:223,3
DA:228,2
DA:229,1
DA:232,1
DA:234,1
DA:236,1
DA:238,4
DA:239,4
DA:244,6
DA:245,6
DA:247,6
DA:248,1
DA:251,5
DA:253,5
DA:254,1
DA:257,4
DA:262,3
DA:263,1
DA:267,2
DA:270,2
DA:271,2
DA:273,2
DA:274,2
DA:276,0
DA:277,0
DA:279,0
DA:280,0
DA:282,0
DA:283,0
DA:287,2
DA:290,2
DA:293,2
DA:294,2
DA:296,2
DA:298,4
DA:299,4
DA:305,5
DA:306,5
DA:308,5
DA:309,1
DA:312,4
DA:314,4
DA:315,1
DA:319,3
DA:324,2
DA:325,1
DA:329,1
DA:335,1
DA:337,1
DA:339,4
DA:340,4
DA:345,4
DA:346,4
DA:347,4
DA:350,4
DA:351,1
DA:354,3
DA:355,0
DA:358,3
DA:360,3
DA:361,1
DA:364,2
DA:366,2
DA:367,2
DA:370,2
DA:371,0
DA:374,2
DA:376,2
DA:378,2
DA:379,2
DA:380,2
DA:382,0
DA:383,0
DA:384,0
DA:386,0
DA:389,2
DA:390,2
DA:392,2
DA:395,2
DA:397,2
DA:399,2
DA:400,1
DA:404,2
DA:409,2
DA:410,2
DA:415,5
DA:416,5
DA:418,5
DA:419,1
DA:422,4
DA:424,4
DA:425,1
DA:428,3
DA:429,1
DA:432,2
DA:435,2
DA:438,2
DA:441,1
DA:443,1
DA:448,4
DA:449,4
DA:458,4
LF:184
LH:172
BRDA:32,0,0,1
BRDA:32,0,1,1
BRDA:72,1,0,0
BRDA:73,2,0,0
BRDA:74,3,0,0
BRDA:91,4,0,1
BRDA:91,4,1,1
BRDA:136,5,0,1
BRDA:136,5,1,1
BRDA:213,6,0,1
BRDA:213,6,1,4
BRDA:219,7,0,1
BRDA:219,7,1,3
BRDA:228,8,0,1
BRDA:228,8,1,1
BRDA:247,9,0,1
BRDA:247,9,1,5
BRDA:253,10,0,1
BRDA:253,10,1,4
BRDA:262,11,0,1
BRDA:262,11,1,2
BRDA:271,12,0,2
BRDA:271,12,1,0
BRDA:271,12,2,0
BRDA:271,12,3,0
BRDA:308,13,0,1
BRDA:308,13,1,4
BRDA:314,14,0,1
BRDA:314,14,1,3
BRDA:324,15,0,1
BRDA:324,15,1,1
BRDA:350,16,0,1
BRDA:350,16,1,3
BRDA:350,17,0,4
BRDA:350,17,1,3
BRDA:354,18,0,0
BRDA:354,18,1,3
BRDA:360,19,0,1
BRDA:360,19,1,2
BRDA:370,20,0,0
BRDA:370,20,1,2
BRDA:376,21,0,2
BRDA:376,21,1,0
BRDA:376,21,2,0
BRDA:390,22,0,1
BRDA:390,22,1,1
BRDA:397,23,0,2
BRDA:397,23,1,0
BRDA:399,24,0,1
BRDA:399,24,1,1
BRDA:418,25,0,1
BRDA:418,25,1,4
BRDA:424,26,0,1
BRDA:424,26,1,3
BRDA:428,27,0,1
BRDA:428,27,1,2
BRF:56
BRH:45
end_of_record
TN:
SF:src/services/ClassService.js
FN:5,(anonymous_0)
FN:19,(anonymous_1)
FN:36,(anonymous_2)
FN:55,(anonymous_3)
FN:69,(anonymous_4)
FN:72,(anonymous_5)
FNF:6
FNH:6
FNDA:1,(anonymous_0)
FNDA:2,(anonymous_1)
FNDA:2,(anonymous_2)
FNDA:2,(anonymous_3)
FNDA:2,(anonymous_4)
FNDA:2,(anonymous_5)
DA:1,6
DA:2,6
DA:6,1
DA:7,1
DA:8,1
DA:12,1
DA:14,0
DA:15,0
DA:20,2
DA:21,2
DA:25,2
DA:26,1
DA:27,1
DA:29,1
DA:31,0
DA:32,0
DA:37,2
DA:38,2
DA:39,2
DA:40,1
DA:41,1
DA:48,1
DA:50,0
DA:51,0
DA:56,2
DA:57,2
DA:58,2
DA:59,1
DA:60,1
DA:62,1
DA:64,0
DA:65,0
DA:70,2
DA:71,2
DA:72,2
DA:78,2
DA:80,0
DA:81,0
DA:86,6
LF:39
LH:29
BRDA:25,0,0,1
BRDA:25,0,1,1
BRDA:39,1,0,1
BRDA:39,1,1,1
BRDA:45,2,0,1
BRDA:45,2,1,0
BRDA:58,3,0,1
BRDA:58,3,1,1
BRDA:76,4,0,2
BRDA:76,4,1,0
BRF:10
BRH:8
end_of_record
TN:
SF:src/services/GearService.js
FN:5,(anonymous_0)
FN:21,(anonymous_1)
FN:39,(anonymous_2)
FN:55,(anonymous_3)
FN:68,(anonymous_4)
FN:71,(anonymous_5)
FNF:6
FNH:6
FNDA:1,(anonymous_0)
FNDA:2,(anonymous_1)
FNDA:2,(anonymous_2)
FNDA:2,(anonymous_3)
FNDA:1,(anonymous_4)
FNDA:2,(anonymous_5)
DA:1,6
DA:2,6
DA:6,1
DA:8,1
DA:10,1
DA:14,1
DA:15,1
DA:17,0
DA:18,0
DA:22,2
DA:23,2
DA:24,2
DA:25,1
DA:26,1
DA:33,1
DA:35,0
DA:36,0
DA:40,2
DA:41,2
DA:45,2
DA:46,1
DA:47,1
DA:49,1
DA:51,0
DA:52,0
DA:56,2
DA:57,2
DA:58,2
DA:59,1
DA:60,1
DA:62,1
DA:64,0
DA:65,0
DA:69,1
DA:70,1
DA:71,2
DA:77,1
DA:79,0
DA:80,0
DA:85,6
LF:40
LH:30
BRDA:24,0,0,1
BRDA:24,0,1,1
BRDA:45,1,0,1
BRDA:45,1,1,1
BRDA:58,2,0,1
BRDA:58,2,1,1
BRF:6
BRH:6
end_of_record
TN:
SF:src/services/PotionService.js
FN:5,(anonymous_0)
FN:21,(anonymous_1)
FN:39,(anonymous_2)
FN:55,(anonymous_3)
FN:68,(anonymous_4)
FN:71,(anonymous_5)
FNF:6
FNH:6
FNDA:1,(anonymous_0)
FNDA:2,(anonymous_1)
FNDA:2,(anonymous_2)
FNDA:2,(anonymous_3)
FNDA:1,(anonymous_4)
FNDA:2,(anonymous_5)
DA:1,6
DA:2,6
DA:6,1
DA:8,1
DA:10,1
DA:14,1
DA:15,1
DA:17,0
DA:18,0
DA:22,2
DA:23,2
DA:24,2
DA:25,1
DA:26,1
DA:33,1
DA:35,0
DA:36,0
DA:40,2
DA:41,2
DA:45,2
DA:46,1
DA:47,1
DA:49,1
DA:51,0
DA:52,0
DA:56,2
DA:57,2
DA:58,2
DA:59,1
DA:60,1
DA:62,1
DA:64,0
DA:65,0
DA:69,1
DA:70,1
DA:71,2
DA:77,1
DA:79,0
DA:80,0
DA:85,6
LF:40
LH:30
BRDA:24,0,0,1
BRDA:24,0,1,1
BRDA:45,1,0,1
BRDA:45,1,1,1
BRDA:58,2,0,1
BRDA:58,2,1,1
BRF:6
BRH:6
end_of_record
TN:
SF:src/services/SpellService.js
FN:5,(anonymous_0)
FN:21,(anonymous_1)
FN:41,(anonymous_2)
FN:57,(anonymous_3)
FN:70,(anonymous_4)
FN:73,(anonymous_5)
FNF:6
FNH:6
FNDA:1,(anonymous_0)
FNDA:2,(anonymous_1)
FNDA:2,(anonymous_2)
FNDA:2,(anonymous_3)
FNDA:1,(anonymous_4)
FNDA:2,(anonymous_5)
DA:1,4
DA:2,4
DA:6,1
DA:8,1
DA:10,1
DA:14,1
DA:15,1
DA:17,0
DA:18,0
DA:22,2
DA:23,2
DA:24,2
DA:25,1
DA:26,1
DA:35,1
DA:37,0
DA:38,0
DA:42,2
DA:43,2
DA:47,2
DA:48,1
DA:49,1
DA:51,1
DA:53,0
DA:54,0
DA:58,2
DA:59,2
DA:60,2
DA:61,1
DA:62,1
DA:64,1
DA:66,0
DA:67,0
DA:71,1
DA:72,1
DA:73,2
DA:81,1
DA:83,0
DA:84,0
DA:89,4
LF:40
LH:30
BRDA:5,0,0,0
BRDA:5,1,0,0
BRDA:24,2,0,1
BRDA:24,2,1,1
BRDA:47,3,0,1
BRDA:47,3,1,1
BRDA:60,4,0,1
BRDA:60,4,1,1
BRF:8
BRH:6
end_of_record
TN:
SF:src/services/UserService.js
FN:6,(anonymous_0)
FN:14,(anonymous_1)
FN:22,(anonymous_2)
FNF:3
FNH:3
FNDA:2,(anonymous_0)
FNDA:3,(anonymous_1)
FNDA:3,(anonymous_2)
DA:1,2
DA:2,2
DA:3,2
DA:7,2
DA:8,2
DA:9,2
DA:10,2
DA:11,1
DA:15,3
DA:16,3
DA:17,2
DA:18,1
DA:19,1
DA:23,3
DA:24,3
DA:25,2
DA:26,1
DA:27,1
DA:31,2
LF:19
LH:19
BRDA:17,0,0,1
BRDA:17,0,1,1
BRDA:25,1,0,1
BRDA:25,1,1,1
BRF:4
BRH:4
end_of_record
TN:
SF:src/services/WeaponService.js
FN:5,(anonymous_0)
FN:21,(anonymous_1)
FN:39,(anonymous_2)
FN:55,(anonymous_3)
FN:68,(anonymous_4)
FN:71,(anonymous_5)
FNF:6
FNH:6
FNDA:1,(anonymous_0)
FNDA:2,(anonymous_1)
FNDA:2,(anonymous_2)
FNDA:2,(anonymous_3)
FNDA:1,(anonymous_4)
FNDA:2,(anonymous_5)
DA:1,6
DA:2,6
DA:6,1
DA:8,1
DA:10,1
DA:14,1
DA:15,1
DA:17,0
DA:18,0
DA:22,2
DA:23,2
DA:24,2
DA:25,1
DA:26,1
DA:33,1
DA:35,0
DA:36,0
DA:40,2
DA:41,2
DA:45,2
DA:46,1
DA:47,1
DA:49,1
DA:51,0
DA:52,0
DA:56,2
DA:57,2
DA:58,2
DA:59,1
DA:60,1
DA:62,1
DA:64,0
DA:65,0
DA:69,1
DA:70,1
DA:71,2
DA:77,1
DA:79,0
DA:80,0
DA:85,6
LF:40
LH:30
BRDA:24,0,0,1
BRDA:24,0,1,1
BRDA:45,1,0,1
BRDA:45,1,1,1
BRDA:58,2,0,1
BRDA:58,2,1,1
BRF:6
BRH:6
end_of_record
TN:
SF:src/services/WizardService.js
FN:9,(anonymous_0)
FN:46,(anonymous_1)
FN:70,(anonymous_2)
FN:93,(anonymous_3)
FN:140,(anonymous_4)
FN:162,(anonymous_5)
FN:179,(anonymous_6)
FN:196,(anonymous_7)
FN:196,(anonymous_8)
FN:197,(anonymous_9)
FN:198,(anonymous_10)
FN:219,(anonymous_11)
FN:259,(anonymous_12)
FN:270,(anonymous_13)
FN:329,(anonymous_14)
FN:337,(anonymous_15)
FN:350,(anonymous_16)
FNF:17
FNH:11
FNDA:2,(anonymous_0)
FNDA:4,(anonymous_1)
FNDA:2,(anonymous_2)
FNDA:2,(anonymous_3)
FNDA:1,(anonymous_4)
FNDA:0,(anonymous_5)
FNDA:0,(anonymous_6)
FNDA:0,(anonymous_7)
FNDA:0,(anonymous_8)
FNDA:0,(anonymous_9)
FNDA:0,(anonymous_10)
FNDA:2,(anonymous_11)
FNDA:2,(anonymous_12)
FNDA:2,(anonymous_13)
FNDA:3,(anonymous_14)
FNDA:2,(anonymous_15)
FNDA:1,(anonymous_16)
DA:1,2
DA:2,2
DA:3,2
DA:4,2
DA:5,2
DA:6,2
DA:10,2
DA:11,2
DA:12,2
DA:14,2
DA:15,1
DA:18,1
DA:20,1
DA:21,0
DA:25,1
DA:29,1
DA:31,1
DA:35,1
DA:37,1
DA:39,1
DA:40,1
DA:42,2
DA:47,4
DA:48,4
DA:50,4
DA:52,4
DA:53,0
DA:56,4
DA:57,4
DA:58,2
DA:61,2
DA:64,2
DA:70,2
DA:79,2
DA:87,0
DA:88,0
DA:94,2
DA:95,2
DA:96,2
DA:99,2
DA:101,2
DA:102,2
DA:103,1
DA:107,1
DA:113,1
DA:114,1
DA:115,1
DA:121,1
DA:124,1
DA:131,1
DA:132,1
DA:133,1
DA:135,2
DA:141,1
DA:142,1
DA:143,1
DA:145,1
DA:147,1
DA:149,1
DA:151,1
DA:152,1
DA:154,0
DA:155,0
DA:156,0
DA:158,1
DA:163,0
DA:164,0
DA:166,0
DA:169,0
DA:172,0
DA:179,0
DA:180,0
DA:181,0
DA:183,0
DA:191,0
DA:195,0
DA:196,0
DA:198,0
DA:199,0
DA:207,0
DA:209,0
DA:210,0
DA:212,0
DA:220,2
DA:221,2
DA:222,2
DA:224,2
DA:225,0
DA:228,2
DA:229,0
DA:234,2
DA:239,2
DA:240,1
DA:244,1
DA:250,1
DA:252,1
DA:254,1
DA:255,1
DA:260,2
DA:261,2
DA:263,2
DA:264,2
DA:266,2
DA:267,0
DA:270,2
DA:272,2
DA:273,0
DA:277,2
DA:278,1
DA:281,1
DA:284,1
DA:286,0
DA:290,1
DA:291,1
DA:292,0
DA:295,1
DA:296,1
DA:297,0
DA:301,1
DA:304,1
DA:307,1
DA:308,1
DA:310,1
DA:312,1
DA:315,1
DA:317,1
DA:318,1
DA:321,1
DA:324,1
DA:325,1
DA:330,3
DA:331,3
DA:333,3
DA:334,0
DA:337,3
DA:339,3
DA:340,1
DA:343,2
DA:344,1
DA:347,1
DA:350,1
DA:352,1
DA:355,1
DA:357,1
DA:359,2
DA:360,2
DA:367,2
LF:147
LH:114
BRDA:9,0,0,1
BRDA:9,1,0,1
BRDA:14,2,0,1
BRDA:14,2,1,1
BRDA:20,3,0,0
BRDA:20,3,1,1
BRDA:52,4,0,0
BRDA:52,4,1,4
BRDA:52,5,0,4
BRDA:52,5,1,4
BRDA:57,6,0,2
BRDA:57,6,1,2
BRDA:102,7,0,1
BRDA:102,7,1,1
BRDA:102,8,0,2
BRDA:102,8,1,2
BRDA:180,9,0,0
BRDA:180,9,1,0
BRDA:203,10,0,0
BRDA:203,10,1,0
BRDA:224,11,0,0
BRDA:224,11,1,2
BRDA:228,12,0,0
BRDA:228,12,1,2
BRDA:239,13,0,1
BRDA:239,13,1,1
BRDA:266,14,0,0
BRDA:266,14,1,2
BRDA:266,15,0,2
BRDA:266,15,1,2
BRDA:272,16,0,0
BRDA:272,16,1,2
BRDA:277,17,0,1
BRDA:277,17,1,1
BRDA:284,18,0,0
BRDA:284,18,1,1
BRDA:291,19,0,0
BRDA:291,19,1,1
BRDA:296,20,0,0
BRDA:296,20,1,1
BRDA:308,21,0,0
BRDA:308,21,1,1
BRDA:317,22,0,1
BRDA:317,22,1,0
BRDA:333,23,0,0
BRDA:333,23,1,3
BRDA:339,24,0,1
BRDA:339,24,1,2
BRDA:343,25,0,1
BRDA:343,25,1,1
BRF:50
BRH:34
end_of_record
